# Logfile created on 2014-02-28 09:45:47 -0800 by logger.rb/44203
I, [2014-02-28T09:45:47.318846 #33990]  INFO -- : 0:  rake (10.1.1) from /Users/grahambaas/.rvm/gems/ruby-2.1.0/specifications/rake-10.1.1.gemspec
I, [2014-02-28T09:45:47.319235 #33990]  INFO -- : 0:  i18n (0.6.9) from /Users/grahambaas/.rvm/gems/ruby-2.1.0/specifications/i18n-0.6.9.gemspec
I, [2014-02-28T09:45:47.319536 #33990]  INFO -- : 0:  minitest (4.7.5) from /Users/grahambaas/.rvm/rubies/ruby-2.1.0/lib/ruby/gems/2.1.0/specifications/default/minitest-4.7.5.gemspec
I, [2014-02-28T09:45:47.319839 #33990]  INFO -- : 0:  multi_json (1.8.2) from /Users/grahambaas/.rvm/gems/ruby-2.1.0/specifications/multi_json-1.8.2.gemspec
I, [2014-02-28T09:45:47.320139 #33990]  INFO -- : 0:  atomic (1.1.14) from /Users/grahambaas/.rvm/gems/ruby-2.1.0/specifications/atomic-1.1.14.gemspec
I, [2014-02-28T09:45:47.320447 #33990]  INFO -- : 0:  thread_safe (0.1.3) from /Users/grahambaas/.rvm/gems/ruby-2.1.0/specifications/thread_safe-0.1.3.gemspec
I, [2014-02-28T09:45:47.320797 #33990]  INFO -- : 0:  tzinfo (0.3.38) from /Users/grahambaas/.rvm/gems/ruby-2.1.0/specifications/tzinfo-0.3.38.gemspec
I, [2014-02-28T09:45:47.321073 #33990]  INFO -- : 0:  activesupport (4.0.2) from /Users/grahambaas/.rvm/gems/ruby-2.1.0/specifications/activesupport-4.0.2.gemspec
I, [2014-02-28T09:45:47.321353 #33990]  INFO -- : 0:  builder (3.1.4) from /Users/grahambaas/.rvm/gems/ruby-2.1.0/specifications/builder-3.1.4.gemspec
I, [2014-02-28T09:45:47.321612 #33990]  INFO -- : 0:  erubis (2.7.0) from /Users/grahambaas/.rvm/gems/ruby-2.1.0/specifications/erubis-2.7.0.gemspec
I, [2014-02-28T09:45:47.321904 #33990]  INFO -- : 0:  rack (1.5.2) from /Users/grahambaas/.rvm/gems/ruby-2.1.0/specifications/rack-1.5.2.gemspec
I, [2014-02-28T09:45:47.322190 #33990]  INFO -- : 0:  rack-test (0.6.2) from /Users/grahambaas/.rvm/gems/ruby-2.1.0/specifications/rack-test-0.6.2.gemspec
I, [2014-02-28T09:45:47.322481 #33990]  INFO -- : 0:  actionpack (4.0.2) from /Users/grahambaas/.rvm/gems/ruby-2.1.0/specifications/actionpack-4.0.2.gemspec
I, [2014-02-28T09:45:47.322765 #33990]  INFO -- : 0:  mime-types (1.25.1) from /Users/grahambaas/.rvm/gems/ruby-2.1.0/specifications/mime-types-1.25.1.gemspec
I, [2014-02-28T09:45:47.323056 #33990]  INFO -- : 0:  polyglot (0.3.3) from /Users/grahambaas/.rvm/gems/ruby-2.1.0/specifications/polyglot-0.3.3.gemspec
I, [2014-02-28T09:45:47.323330 #33990]  INFO -- : 0:  treetop (1.4.15) from /Users/grahambaas/.rvm/gems/ruby-2.1.0/specifications/treetop-1.4.15.gemspec
I, [2014-02-28T09:45:47.323619 #33990]  INFO -- : 0:  mail (2.5.4) from /Users/grahambaas/.rvm/gems/ruby-2.1.0/specifications/mail-2.5.4.gemspec
I, [2014-02-28T09:45:47.323915 #33990]  INFO -- : 0:  actionmailer (4.0.2) from /Users/grahambaas/.rvm/gems/ruby-2.1.0/specifications/actionmailer-4.0.2.gemspec
I, [2014-02-28T09:45:47.324207 #33990]  INFO -- : 0:  activemodel (4.0.2) from /Users/grahambaas/.rvm/gems/ruby-2.1.0/specifications/activemodel-4.0.2.gemspec
I, [2014-02-28T09:45:47.324500 #33990]  INFO -- : 0:  active_model_serializers (0.8.1) from /Users/grahambaas/.rvm/gems/ruby-2.1.0/specifications/active_model_serializers-0.8.1.gemspec
I, [2014-02-28T09:45:47.324774 #33990]  INFO -- : 0:  activerecord-deprecated_finders (1.0.3) from /Users/grahambaas/.rvm/gems/ruby-2.1.0/specifications/activerecord-deprecated_finders-1.0.3.gemspec
I, [2014-02-28T09:45:47.325062 #33990]  INFO -- : 0:  arel (4.0.1) from /Users/grahambaas/.rvm/gems/ruby-2.1.0/specifications/arel-4.0.1.gemspec
I, [2014-02-28T09:45:47.325355 #33990]  INFO -- : 0:  activerecord (4.0.2) from /Users/grahambaas/.rvm/gems/ruby-2.1.0/specifications/activerecord-4.0.2.gemspec
I, [2014-02-28T09:45:47.325648 #33990]  INFO -- : 0:  apartment (0.23.1) from /Users/grahambaas/.rvm/gems/ruby-2.1.0/specifications/apartment-0.23.1.gemspec
I, [2014-02-28T09:45:47.325927 #33990]  INFO -- : 0:  bundler (1.5.1) from /Users/grahambaas/.rvm/gems/ruby-2.1.0@global/specifications/bundler-1.5.1.gemspec
I, [2014-02-28T09:45:47.326213 #33990]  INFO -- : 0:  thor (0.18.1) from /Users/grahambaas/.rvm/gems/ruby-2.1.0/specifications/thor-0.18.1.gemspec
I, [2014-02-28T09:45:47.326533 #33990]  INFO -- : 0:  railties (4.0.2) from /Users/grahambaas/.rvm/gems/ruby-2.1.0/specifications/railties-4.0.2.gemspec
I, [2014-02-28T09:45:47.326861 #33990]  INFO -- : 0:  hike (1.2.3) from /Users/grahambaas/.rvm/gems/ruby-2.1.0/specifications/hike-1.2.3.gemspec
I, [2014-02-28T09:45:47.327156 #33990]  INFO -- : 0:  tilt (1.4.1) from /Users/grahambaas/.rvm/gems/ruby-2.1.0/specifications/tilt-1.4.1.gemspec
I, [2014-02-28T09:45:47.327451 #33990]  INFO -- : 0:  sprockets (2.10.1) from /Users/grahambaas/.rvm/gems/ruby-2.1.0/specifications/sprockets-2.10.1.gemspec
I, [2014-02-28T09:45:47.327751 #33990]  INFO -- : 0:  sprockets-rails (2.0.1) from /Users/grahambaas/.rvm/gems/ruby-2.1.0/specifications/sprockets-rails-2.0.1.gemspec
I, [2014-02-28T09:45:47.328043 #33990]  INFO -- : 0:  rails (4.0.2) from /Users/grahambaas/.rvm/gems/ruby-2.1.0/specifications/rails-4.0.2.gemspec
I, [2014-02-28T09:45:47.328325 #33990]  INFO -- : 0:  will_paginate (3.0.5) from /Users/grahambaas/.rvm/gems/ruby-2.1.0/specifications/will_paginate-3.0.5.gemspec
I, [2014-02-28T09:45:47.328621 #33990]  INFO -- : 0:  api_pagination_headers (1.1.1) from /Users/grahambaas/.rvm/gems/ruby-2.1.0/specifications/api_pagination_headers-1.1.1.gemspec
I, [2014-02-28T09:45:47.328919 #33990]  INFO -- : 0:  bcrypt-ruby (3.1.2) from /Users/grahambaas/.rvm/gems/ruby-2.1.0/specifications/bcrypt-ruby-3.1.2.gemspec
I, [2014-02-28T09:45:47.329213 #33990]  INFO -- : 0:  net-ssh (2.7.0) from /Users/grahambaas/.rvm/gems/ruby-2.1.0/specifications/net-ssh-2.7.0.gemspec
I, [2014-02-28T09:45:47.329567 #33990]  INFO -- : 0:  net-scp (1.1.2) from /Users/grahambaas/.rvm/gems/ruby-2.1.0/specifications/net-scp-1.1.2.gemspec
I, [2014-02-28T09:45:47.329852 #33990]  INFO -- : 0:  tins (0.13.1) from /Users/grahambaas/.rvm/gems/ruby-2.1.0/specifications/tins-0.13.1.gemspec
I, [2014-02-28T09:45:47.330123 #33990]  INFO -- : 0:  term-ansicolor (1.2.2) from /Users/grahambaas/.rvm/gems/ruby-2.1.0/specifications/term-ansicolor-1.2.2.gemspec
I, [2014-02-28T09:45:47.330414 #33990]  INFO -- : 0:  sshkit (1.3.0) from /Users/grahambaas/.rvm/gems/ruby-2.1.0/specifications/sshkit-1.3.0.gemspec
I, [2014-02-28T09:45:47.330701 #33990]  INFO -- : 0:  capistrano (3.1.0) from /Users/grahambaas/.rvm/gems/ruby-2.1.0/specifications/capistrano-3.1.0.gemspec
I, [2014-02-28T09:45:47.330996 #33990]  INFO -- : 0:  capistrano-bundler (1.1.1) from /Users/grahambaas/.rvm/gems/ruby-2.1.0/specifications/capistrano-bundler-1.1.1.gemspec
I, [2014-02-28T09:45:47.331287 #33990]  INFO -- : 0:  capistrano-rails (1.1.1) from /Users/grahambaas/.rvm/gems/ruby-2.1.0/specifications/capistrano-rails-1.1.1.gemspec
I, [2014-02-28T09:45:47.331578 #33990]  INFO -- : 0:  capistrano-rvm (0.1.1) from /Users/grahambaas/.rvm/gems/ruby-2.1.0/specifications/capistrano-rvm-0.1.1.gemspec
I, [2014-02-28T09:45:47.331848 #33990]  INFO -- : 0:  choice (0.1.6) from /Users/grahambaas/.rvm/gems/ruby-2.1.0/specifications/choice-0.1.6.gemspec
I, [2014-02-28T09:45:47.332136 #33990]  INFO -- : 0:  coderay (1.1.0) from /Users/grahambaas/.rvm/gems/ruby-2.1.0/specifications/coderay-1.1.0.gemspec
I, [2014-02-28T09:45:47.332427 #33990]  INFO -- : 0:  colorize (0.6.0) from /Users/grahambaas/.rvm/gems/ruby-2.1.0/specifications/colorize-0.6.0.gemspec
I, [2014-02-28T09:45:47.332718 #33990]  INFO -- : 0:  columnize (0.3.6) from /Users/grahambaas/.rvm/gems/ruby-2.1.0/specifications/columnize-0.3.6.gemspec
I, [2014-02-28T09:45:47.333008 #33990]  INFO -- : 0:  dalli (2.7.0) from /Users/grahambaas/.rvm/gems/ruby-2.1.0/specifications/dalli-2.7.0.gemspec
I, [2014-02-28T09:45:47.333300 #33990]  INFO -- : 0:  debugger-linecache (1.2.0) from /Users/grahambaas/.rvm/gems/ruby-2.1.0/specifications/debugger-linecache-1.2.0.gemspec
I, [2014-02-28T09:45:47.333571 #33990]  INFO -- : 0:  debugger-ruby_core_source (1.3.1) from /Users/grahambaas/.rvm/gems/ruby-2.1.0/specifications/debugger-ruby_core_source-1.3.1.gemspec
I, [2014-02-28T09:45:47.333861 #33990]  INFO -- : 0:  debugger (1.6.5) from /Users/grahambaas/.rvm/gems/ruby-2.1.0/specifications/debugger-1.6.5.gemspec
I, [2014-02-28T09:45:47.334168 #33990]  INFO -- : 0:  orm_adapter (0.5.0) from /Users/grahambaas/.rvm/gems/ruby-2.1.0/specifications/orm_adapter-0.5.0.gemspec
I, [2014-02-28T09:45:47.334460 #33990]  INFO -- : 0:  warden (1.2.3) from /Users/grahambaas/.rvm/gems/ruby-2.1.0/specifications/warden-1.2.3.gemspec
I, [2014-02-28T09:45:47.334750 #33990]  INFO -- : 0:  devise (3.2.2) from /Users/grahambaas/.rvm/gems/ruby-2.1.0/specifications/devise-3.2.2.gemspec
I, [2014-02-28T09:45:47.335039 #33990]  INFO -- : 0:  diff-lcs (1.2.5) from /Users/grahambaas/.rvm/gems/ruby-2.1.0/specifications/diff-lcs-1.2.5.gemspec
I, [2014-02-28T09:45:47.335308 #33990]  INFO -- : 0:  docile (1.1.2) from /Users/grahambaas/.rvm/gems/ruby-2.1.0/specifications/docile-1.1.2.gemspec
I, [2014-02-28T09:45:47.335599 #33990]  INFO -- : 0:  factory_girl (4.3.0) from /Users/grahambaas/.rvm/gems/ruby-2.1.0/specifications/factory_girl-4.3.0.gemspec
I, [2014-02-28T09:45:47.335892 #33990]  INFO -- : 0:  factory_girl_rails (4.3.0) from /Users/grahambaas/.rvm/gems/ruby-2.1.0/specifications/factory_girl_rails-4.3.0.gemspec
I, [2014-02-28T09:45:47.336190 #33990]  INFO -- : 0:  faker (1.2.0) from /Users/grahambaas/.rvm/gems/ruby-2.1.0/specifications/faker-1.2.0.gemspec
I, [2014-02-28T09:45:47.336518 #33990]  INFO -- : 0:  foreigner (1.6.1) from /Users/grahambaas/.rvm/gems/ruby-2.1.0/specifications/foreigner-1.6.1.gemspec
I, [2014-02-28T09:45:47.336814 #33990]  INFO -- : 0:  globalize (4.0.0) from /Users/grahambaas/.rvm/gems/ruby-2.1.0/specifications/globalize-4.0.0.gemspec
I, [2014-02-28T09:45:47.337095 #33990]  INFO -- : 0:  method_source (0.8.2) from /Users/grahambaas/.rvm/gems/ruby-2.1.0/specifications/method_source-0.8.2.gemspec
I, [2014-02-28T09:45:47.337392 #33990]  INFO -- : 0:  mini_portile (0.5.2) from /Users/grahambaas/.rvm/gems/ruby-2.1.0/specifications/mini_portile-0.5.2.gemspec
I, [2014-02-28T09:45:47.337699 #33990]  INFO -- : 0:  mysql2 (0.3.14) from /Users/grahambaas/.rvm/gems/ruby-2.1.0/specifications/mysql2-0.3.14.gemspec
I, [2014-02-28T09:45:47.337994 #33990]  INFO -- : 0:  nokogiri (1.6.1) from /Users/grahambaas/.rvm/gems/ruby-2.1.0/specifications/nokogiri-1.6.1.gemspec
I, [2014-02-28T09:45:47.338321 #33990]  INFO -- : 0:  nyan-cat-formatter (0.4.0) from /Users/grahambaas/.rvm/gems/ruby-2.1.0/specifications/nyan-cat-formatter-0.4.0.gemspec
I, [2014-02-28T09:45:47.338605 #33990]  INFO -- : 0:  slop (3.4.7) from /Users/grahambaas/.rvm/gems/ruby-2.1.0/specifications/slop-3.4.7.gemspec
I, [2014-02-28T09:45:47.338873 #33990]  INFO -- : 0:  pry (0.9.12.4) from /Users/grahambaas/.rvm/gems/ruby-2.1.0/specifications/pry-0.9.12.4.gemspec
I, [2014-02-28T09:45:47.339161 #33990]  INFO -- : 0:  pry-debugger (0.2.2) from /Users/grahambaas/.rvm/gems/ruby-2.1.0/specifications/pry-debugger-0.2.2.gemspec
I, [2014-02-28T09:45:47.339547 #33990]  INFO -- : 0:  pry-remote (0.1.7) from /Users/grahambaas/.rvm/gems/ruby-2.1.0/specifications/pry-remote-0.1.7.gemspec
I, [2014-02-28T09:45:47.339994 #33990]  INFO -- : 0:  railroady (1.1.1) from /Users/grahambaas/.rvm/gems/ruby-2.1.0/specifications/railroady-1.1.1.gemspec
I, [2014-02-28T09:45:47.340425 #33990]  INFO -- : 0:  rails-api (0.1.0) from /Users/grahambaas/.rvm/gems/ruby-2.1.0/specifications/rails-api-0.1.0.gemspec
I, [2014-02-28T09:45:47.340873 #33990]  INFO -- : 0:  ruby-graphviz (1.0.9) from /Users/grahambaas/.rvm/gems/ruby-2.1.0/specifications/ruby-graphviz-1.0.9.gemspec
I, [2014-02-28T09:45:47.341312 #33990]  INFO -- : 0:  rails-erd (1.1.0) from /Users/grahambaas/.rvm/gems/ruby-2.1.0/specifications/rails-erd-1.1.0.gemspec
I, [2014-02-28T09:45:47.341778 #33990]  INFO -- : 0:  rspec-support (3.0.0.beta1) from /Users/grahambaas/.rvm/gems/ruby-2.1.0/specifications/rspec-support-3.0.0.beta1.gemspec
I, [2014-02-28T09:45:47.342206 #33990]  INFO -- : 0:  rspec-expectations (3.0.0.beta1) from /Users/grahambaas/.rvm/gems/ruby-2.1.0/specifications/rspec-expectations-3.0.0.beta1.gemspec
I, [2014-02-28T09:45:47.342603 #33990]  INFO -- : 0:  rspec-collection_matchers (0.0.2) from /Users/grahambaas/.rvm/gems/ruby-2.1.0/specifications/rspec-collection_matchers-0.0.2.gemspec
I, [2014-02-28T09:45:47.343017 #33990]  INFO -- : 0:  rspec-core (3.0.0.beta1) from /Users/grahambaas/.rvm/gems/ruby-2.1.0/specifications/rspec-core-3.0.0.beta1.gemspec
I, [2014-02-28T09:45:47.343410 #33990]  INFO -- : 0:  rspec-mocks (3.0.0.beta1) from /Users/grahambaas/.rvm/gems/ruby-2.1.0/specifications/rspec-mocks-3.0.0.beta1.gemspec
I, [2014-02-28T09:45:47.343788 #33990]  INFO -- : 0:  rspec-rails (3.0.0.beta1) from /Users/grahambaas/.rvm/gems/ruby-2.1.0/specifications/rspec-rails-3.0.0.beta1.gemspec
I, [2014-02-28T09:45:47.344214 #33990]  INFO -- : 0:  simplecov-html (0.8.0) from /Users/grahambaas/.rvm/gems/ruby-2.1.0/specifications/simplecov-html-0.8.0.gemspec
I, [2014-02-28T09:45:47.344610 #33990]  INFO -- : 0:  simplecov (0.8.2) from /Users/grahambaas/.rvm/gems/ruby-2.1.0/specifications/simplecov-0.8.2.gemspec
I, [2014-02-28T09:51:04.826113 #34037]  INFO -- : 0:  rake (10.1.1) from /Users/grahambaas/.rvm/gems/ruby-2.1.0/specifications/rake-10.1.1.gemspec
I, [2014-02-28T09:51:04.826465 #34037]  INFO -- : 0:  i18n (0.6.9) from /Users/grahambaas/.rvm/gems/ruby-2.1.0/specifications/i18n-0.6.9.gemspec
I, [2014-02-28T09:51:04.826741 #34037]  INFO -- : 0:  minitest (4.7.5) from /Users/grahambaas/.rvm/rubies/ruby-2.1.0/lib/ruby/gems/2.1.0/specifications/default/minitest-4.7.5.gemspec
I, [2014-02-28T09:51:04.827030 #34037]  INFO -- : 0:  multi_json (1.8.2) from /Users/grahambaas/.rvm/gems/ruby-2.1.0/specifications/multi_json-1.8.2.gemspec
I, [2014-02-28T09:51:04.827306 #34037]  INFO -- : 0:  atomic (1.1.14) from /Users/grahambaas/.rvm/gems/ruby-2.1.0/specifications/atomic-1.1.14.gemspec
I, [2014-02-28T09:51:04.827599 #34037]  INFO -- : 0:  thread_safe (0.1.3) from /Users/grahambaas/.rvm/gems/ruby-2.1.0/specifications/thread_safe-0.1.3.gemspec
I, [2014-02-28T09:51:04.827895 #34037]  INFO -- : 0:  tzinfo (0.3.38) from /Users/grahambaas/.rvm/gems/ruby-2.1.0/specifications/tzinfo-0.3.38.gemspec
I, [2014-02-28T09:51:04.828183 #34037]  INFO -- : 0:  activesupport (4.0.2) from /Users/grahambaas/.rvm/gems/ruby-2.1.0/specifications/activesupport-4.0.2.gemspec
I, [2014-02-28T09:51:04.828473 #34037]  INFO -- : 0:  builder (3.1.4) from /Users/grahambaas/.rvm/gems/ruby-2.1.0/specifications/builder-3.1.4.gemspec
I, [2014-02-28T09:51:04.828763 #34037]  INFO -- : 0:  erubis (2.7.0) from /Users/grahambaas/.rvm/gems/ruby-2.1.0/specifications/erubis-2.7.0.gemspec
I, [2014-02-28T09:51:04.829038 #34037]  INFO -- : 0:  rack (1.5.2) from /Users/grahambaas/.rvm/gems/ruby-2.1.0/specifications/rack-1.5.2.gemspec
I, [2014-02-28T09:51:04.829336 #34037]  INFO -- : 0:  rack-test (0.6.2) from /Users/grahambaas/.rvm/gems/ruby-2.1.0/specifications/rack-test-0.6.2.gemspec
I, [2014-02-28T09:51:04.829634 #34037]  INFO -- : 0:  actionpack (4.0.2) from /Users/grahambaas/.rvm/gems/ruby-2.1.0/specifications/actionpack-4.0.2.gemspec
I, [2014-02-28T09:51:04.829939 #34037]  INFO -- : 0:  mime-types (1.25.1) from /Users/grahambaas/.rvm/gems/ruby-2.1.0/specifications/mime-types-1.25.1.gemspec
I, [2014-02-28T09:51:04.830241 #34037]  INFO -- : 0:  polyglot (0.3.3) from /Users/grahambaas/.rvm/gems/ruby-2.1.0/specifications/polyglot-0.3.3.gemspec
I, [2014-02-28T09:51:04.830544 #34037]  INFO -- : 0:  treetop (1.4.15) from /Users/grahambaas/.rvm/gems/ruby-2.1.0/specifications/treetop-1.4.15.gemspec
I, [2014-02-28T09:51:04.830829 #34037]  INFO -- : 0:  mail (2.5.4) from /Users/grahambaas/.rvm/gems/ruby-2.1.0/specifications/mail-2.5.4.gemspec
I, [2014-02-28T09:51:04.831132 #34037]  INFO -- : 0:  actionmailer (4.0.2) from /Users/grahambaas/.rvm/gems/ruby-2.1.0/specifications/actionmailer-4.0.2.gemspec
I, [2014-02-28T09:51:04.831436 #34037]  INFO -- : 0:  activemodel (4.0.2) from /Users/grahambaas/.rvm/gems/ruby-2.1.0/specifications/activemodel-4.0.2.gemspec
I, [2014-02-28T09:51:04.831749 #34037]  INFO -- : 0:  active_model_serializers (0.8.1) from /Users/grahambaas/.rvm/gems/ruby-2.1.0/specifications/active_model_serializers-0.8.1.gemspec
I, [2014-02-28T09:51:04.832077 #34037]  INFO -- : 0:  activerecord-deprecated_finders (1.0.3) from /Users/grahambaas/.rvm/gems/ruby-2.1.0/specifications/activerecord-deprecated_finders-1.0.3.gemspec
I, [2014-02-28T09:51:04.832398 #34037]  INFO -- : 0:  arel (4.0.1) from /Users/grahambaas/.rvm/gems/ruby-2.1.0/specifications/arel-4.0.1.gemspec
I, [2014-02-28T09:51:04.832684 #34037]  INFO -- : 0:  activerecord (4.0.2) from /Users/grahambaas/.rvm/gems/ruby-2.1.0/specifications/activerecord-4.0.2.gemspec
I, [2014-02-28T09:51:04.832986 #34037]  INFO -- : 0:  apartment (0.23.1) from /Users/grahambaas/.rvm/gems/ruby-2.1.0/specifications/apartment-0.23.1.gemspec
I, [2014-02-28T09:51:04.833278 #34037]  INFO -- : 0:  bundler (1.5.1) from /Users/grahambaas/.rvm/gems/ruby-2.1.0@global/specifications/bundler-1.5.1.gemspec
I, [2014-02-28T09:51:04.833578 #34037]  INFO -- : 0:  thor (0.18.1) from /Users/grahambaas/.rvm/gems/ruby-2.1.0/specifications/thor-0.18.1.gemspec
I, [2014-02-28T09:51:04.833880 #34037]  INFO -- : 0:  railties (4.0.2) from /Users/grahambaas/.rvm/gems/ruby-2.1.0/specifications/railties-4.0.2.gemspec
I, [2014-02-28T09:51:04.834184 #34037]  INFO -- : 0:  hike (1.2.3) from /Users/grahambaas/.rvm/gems/ruby-2.1.0/specifications/hike-1.2.3.gemspec
I, [2014-02-28T09:51:04.834474 #34037]  INFO -- : 0:  tilt (1.4.1) from /Users/grahambaas/.rvm/gems/ruby-2.1.0/specifications/tilt-1.4.1.gemspec
I, [2014-02-28T09:51:04.834781 #34037]  INFO -- : 0:  sprockets (2.10.1) from /Users/grahambaas/.rvm/gems/ruby-2.1.0/specifications/sprockets-2.10.1.gemspec
I, [2014-02-28T09:51:04.835081 #34037]  INFO -- : 0:  sprockets-rails (2.0.1) from /Users/grahambaas/.rvm/gems/ruby-2.1.0/specifications/sprockets-rails-2.0.1.gemspec
I, [2014-02-28T09:51:04.835384 #34037]  INFO -- : 0:  rails (4.0.2) from /Users/grahambaas/.rvm/gems/ruby-2.1.0/specifications/rails-4.0.2.gemspec
I, [2014-02-28T09:51:04.835682 #34037]  INFO -- : 0:  will_paginate (3.0.5) from /Users/grahambaas/.rvm/gems/ruby-2.1.0/specifications/will_paginate-3.0.5.gemspec
I, [2014-02-28T09:51:04.835986 #34037]  INFO -- : 0:  api_pagination_headers (1.1.1) from /Users/grahambaas/.rvm/gems/ruby-2.1.0/specifications/api_pagination_headers-1.1.1.gemspec
I, [2014-02-28T09:51:04.836271 #34037]  INFO -- : 0:  bcrypt-ruby (3.1.2) from /Users/grahambaas/.rvm/gems/ruby-2.1.0/specifications/bcrypt-ruby-3.1.2.gemspec
I, [2014-02-28T09:51:04.836574 #34037]  INFO -- : 0:  net-ssh (2.7.0) from /Users/grahambaas/.rvm/gems/ruby-2.1.0/specifications/net-ssh-2.7.0.gemspec
I, [2014-02-28T09:51:04.836880 #34037]  INFO -- : 0:  net-scp (1.1.2) from /Users/grahambaas/.rvm/gems/ruby-2.1.0/specifications/net-scp-1.1.2.gemspec
I, [2014-02-28T09:51:04.837182 #34037]  INFO -- : 0:  tins (0.13.1) from /Users/grahambaas/.rvm/gems/ruby-2.1.0/specifications/tins-0.13.1.gemspec
I, [2014-02-28T09:51:04.837486 #34037]  INFO -- : 0:  term-ansicolor (1.2.2) from /Users/grahambaas/.rvm/gems/ruby-2.1.0/specifications/term-ansicolor-1.2.2.gemspec
I, [2014-02-28T09:51:04.837787 #34037]  INFO -- : 0:  sshkit (1.3.0) from /Users/grahambaas/.rvm/gems/ruby-2.1.0/specifications/sshkit-1.3.0.gemspec
I, [2014-02-28T09:51:04.838073 #34037]  INFO -- : 0:  capistrano (3.1.0) from /Users/grahambaas/.rvm/gems/ruby-2.1.0/specifications/capistrano-3.1.0.gemspec
I, [2014-02-28T09:51:04.838376 #34037]  INFO -- : 0:  capistrano-bundler (1.1.1) from /Users/grahambaas/.rvm/gems/ruby-2.1.0/specifications/capistrano-bundler-1.1.1.gemspec
I, [2014-02-28T09:51:04.838678 #34037]  INFO -- : 0:  capistrano-rails (1.1.1) from /Users/grahambaas/.rvm/gems/ruby-2.1.0/specifications/capistrano-rails-1.1.1.gemspec
I, [2014-02-28T09:51:04.839006 #34037]  INFO -- : 0:  capistrano-rvm (0.1.1) from /Users/grahambaas/.rvm/gems/ruby-2.1.0/specifications/capistrano-rvm-0.1.1.gemspec
I, [2014-02-28T09:51:04.839332 #34037]  INFO -- : 0:  choice (0.1.6) from /Users/grahambaas/.rvm/gems/ruby-2.1.0/specifications/choice-0.1.6.gemspec
I, [2014-02-28T09:51:04.839632 #34037]  INFO -- : 0:  coderay (1.1.0) from /Users/grahambaas/.rvm/gems/ruby-2.1.0/specifications/coderay-1.1.0.gemspec
I, [2014-02-28T09:51:04.839944 #34037]  INFO -- : 0:  colorize (0.6.0) from /Users/grahambaas/.rvm/gems/ruby-2.1.0/specifications/colorize-0.6.0.gemspec
I, [2014-02-28T09:51:04.840249 #34037]  INFO -- : 0:  columnize (0.3.6) from /Users/grahambaas/.rvm/gems/ruby-2.1.0/specifications/columnize-0.3.6.gemspec
I, [2014-02-28T09:51:04.840551 #34037]  INFO -- : 0:  dalli (2.7.0) from /Users/grahambaas/.rvm/gems/ruby-2.1.0/specifications/dalli-2.7.0.gemspec
I, [2014-02-28T09:51:04.840856 #34037]  INFO -- : 0:  debugger-linecache (1.2.0) from /Users/grahambaas/.rvm/gems/ruby-2.1.0/specifications/debugger-linecache-1.2.0.gemspec
I, [2014-02-28T09:51:04.841160 #34037]  INFO -- : 0:  debugger-ruby_core_source (1.3.1) from /Users/grahambaas/.rvm/gems/ruby-2.1.0/specifications/debugger-ruby_core_source-1.3.1.gemspec
I, [2014-02-28T09:51:04.841439 #34037]  INFO -- : 0:  debugger (1.6.5) from /Users/grahambaas/.rvm/gems/ruby-2.1.0/specifications/debugger-1.6.5.gemspec
I, [2014-02-28T09:51:04.841739 #34037]  INFO -- : 0:  orm_adapter (0.5.0) from /Users/grahambaas/.rvm/gems/ruby-2.1.0/specifications/orm_adapter-0.5.0.gemspec
I, [2014-02-28T09:51:04.842045 #34037]  INFO -- : 0:  warden (1.2.3) from /Users/grahambaas/.rvm/gems/ruby-2.1.0/specifications/warden-1.2.3.gemspec
I, [2014-02-28T09:51:04.842351 #34037]  INFO -- : 0:  devise (3.2.2) from /Users/grahambaas/.rvm/gems/ruby-2.1.0/specifications/devise-3.2.2.gemspec
I, [2014-02-28T09:51:04.842657 #34037]  INFO -- : 0:  diff-lcs (1.2.5) from /Users/grahambaas/.rvm/gems/ruby-2.1.0/specifications/diff-lcs-1.2.5.gemspec
I, [2014-02-28T09:51:04.842981 #34037]  INFO -- : 0:  docile (1.1.2) from /Users/grahambaas/.rvm/gems/ruby-2.1.0/specifications/docile-1.1.2.gemspec
I, [2014-02-28T09:51:04.843265 #34037]  INFO -- : 0:  factory_girl (4.3.0) from /Users/grahambaas/.rvm/gems/ruby-2.1.0/specifications/factory_girl-4.3.0.gemspec
I, [2014-02-28T09:51:04.843583 #34037]  INFO -- : 0:  factory_girl_rails (4.3.0) from /Users/grahambaas/.rvm/gems/ruby-2.1.0/specifications/factory_girl_rails-4.3.0.gemspec
I, [2014-02-28T09:51:04.843892 #34037]  INFO -- : 0:  faker (1.2.0) from /Users/grahambaas/.rvm/gems/ruby-2.1.0/specifications/faker-1.2.0.gemspec
I, [2014-02-28T09:51:04.844196 #34037]  INFO -- : 0:  foreigner (1.6.1) from /Users/grahambaas/.rvm/gems/ruby-2.1.0/specifications/foreigner-1.6.1.gemspec
I, [2014-02-28T09:51:04.844498 #34037]  INFO -- : 0:  globalize (4.0.0) from /Users/grahambaas/.rvm/gems/ruby-2.1.0/specifications/globalize-4.0.0.gemspec
I, [2014-02-28T09:51:04.844802 #34037]  INFO -- : 0:  method_source (0.8.2) from /Users/grahambaas/.rvm/gems/ruby-2.1.0/specifications/method_source-0.8.2.gemspec
I, [2014-02-28T09:51:04.845095 #34037]  INFO -- : 0:  mini_portile (0.5.2) from /Users/grahambaas/.rvm/gems/ruby-2.1.0/specifications/mini_portile-0.5.2.gemspec
I, [2014-02-28T09:51:04.845411 #34037]  INFO -- : 0:  mysql2 (0.3.14) from /Users/grahambaas/.rvm/gems/ruby-2.1.0/specifications/mysql2-0.3.14.gemspec
I, [2014-02-28T09:51:04.845714 #34037]  INFO -- : 0:  nokogiri (1.6.1) from /Users/grahambaas/.rvm/gems/ruby-2.1.0/specifications/nokogiri-1.6.1.gemspec
I, [2014-02-28T09:51:04.846021 #34037]  INFO -- : 0:  nyan-cat-formatter (0.4.0) from /Users/grahambaas/.rvm/gems/ruby-2.1.0/specifications/nyan-cat-formatter-0.4.0.gemspec
I, [2014-02-28T09:51:04.846322 #34037]  INFO -- : 0:  slop (3.4.7) from /Users/grahambaas/.rvm/gems/ruby-2.1.0/specifications/slop-3.4.7.gemspec
I, [2014-02-28T09:51:04.846626 #34037]  INFO -- : 0:  pry (0.9.12.4) from /Users/grahambaas/.rvm/gems/ruby-2.1.0/specifications/pry-0.9.12.4.gemspec
I, [2014-02-28T09:51:04.846910 #34037]  INFO -- : 0:  pry-debugger (0.2.2) from /Users/grahambaas/.rvm/gems/ruby-2.1.0/specifications/pry-debugger-0.2.2.gemspec
I, [2014-02-28T09:51:04.847256 #34037]  INFO -- : 0:  pry-remote (0.1.7) from /Users/grahambaas/.rvm/gems/ruby-2.1.0/specifications/pry-remote-0.1.7.gemspec
I, [2014-02-28T09:51:04.847560 #34037]  INFO -- : 0:  railroady (1.1.1) from /Users/grahambaas/.rvm/gems/ruby-2.1.0/specifications/railroady-1.1.1.gemspec
I, [2014-02-28T09:51:04.847863 #34037]  INFO -- : 0:  rails-api (0.1.0) from /Users/grahambaas/.rvm/gems/ruby-2.1.0/specifications/rails-api-0.1.0.gemspec
I, [2014-02-28T09:51:04.848184 #34037]  INFO -- : 0:  ruby-graphviz (1.0.9) from /Users/grahambaas/.rvm/gems/ruby-2.1.0/specifications/ruby-graphviz-1.0.9.gemspec
I, [2014-02-28T09:51:04.848489 #34037]  INFO -- : 0:  rails-erd (1.1.0) from /Users/grahambaas/.rvm/gems/ruby-2.1.0/specifications/rails-erd-1.1.0.gemspec
I, [2014-02-28T09:51:04.848776 #34037]  INFO -- : 0:  rspec-support (3.0.0.beta1) from /Users/grahambaas/.rvm/gems/ruby-2.1.0/specifications/rspec-support-3.0.0.beta1.gemspec
I, [2014-02-28T09:51:04.849085 #34037]  INFO -- : 0:  rspec-expectations (3.0.0.beta1) from /Users/grahambaas/.rvm/gems/ruby-2.1.0/specifications/rspec-expectations-3.0.0.beta1.gemspec
I, [2014-02-28T09:51:04.849393 #34037]  INFO -- : 0:  rspec-collection_matchers (0.0.2) from /Users/grahambaas/.rvm/gems/ruby-2.1.0/specifications/rspec-collection_matchers-0.0.2.gemspec
I, [2014-02-28T09:51:04.849701 #34037]  INFO -- : 0:  rspec-core (3.0.0.beta1) from /Users/grahambaas/.rvm/gems/ruby-2.1.0/specifications/rspec-core-3.0.0.beta1.gemspec
I, [2014-02-28T09:51:04.850008 #34037]  INFO -- : 0:  rspec-mocks (3.0.0.beta1) from /Users/grahambaas/.rvm/gems/ruby-2.1.0/specifications/rspec-mocks-3.0.0.beta1.gemspec
I, [2014-02-28T09:51:04.850314 #34037]  INFO -- : 0:  rspec-rails (3.0.0.beta1) from /Users/grahambaas/.rvm/gems/ruby-2.1.0/specifications/rspec-rails-3.0.0.beta1.gemspec
I, [2014-02-28T09:51:04.850605 #34037]  INFO -- : 0:  simplecov-html (0.8.0) from /Users/grahambaas/.rvm/gems/ruby-2.1.0/specifications/simplecov-html-0.8.0.gemspec
I, [2014-02-28T09:51:04.850908 #34037]  INFO -- : 0:  simplecov (0.8.2) from /Users/grahambaas/.rvm/gems/ruby-2.1.0/specifications/simplecov-0.8.2.gemspec
I, [2014-02-28T10:00:55.497498 #38320]  INFO -- : 0:  rake (10.1.1) from /Users/grahambaas/.rvm/gems/ruby-2.1.0/specifications/rake-10.1.1.gemspec
I, [2014-02-28T10:00:55.508340 #38320]  INFO -- : 0:  i18n (0.6.9) from /Users/grahambaas/.rvm/gems/ruby-2.1.0/specifications/i18n-0.6.9.gemspec
I, [2014-02-28T10:00:55.508632 #38320]  INFO -- : 0:  minitest (4.7.5) from /Users/grahambaas/.rvm/rubies/ruby-2.1.0/lib/ruby/gems/2.1.0/specifications/default/minitest-4.7.5.gemspec
I, [2014-02-28T10:00:55.508963 #38320]  INFO -- : 0:  multi_json (1.8.2) from /Users/grahambaas/.rvm/gems/ruby-2.1.0/specifications/multi_json-1.8.2.gemspec
I, [2014-02-28T10:00:55.509260 #38320]  INFO -- : 0:  atomic (1.1.14) from /Users/grahambaas/.rvm/gems/ruby-2.1.0/specifications/atomic-1.1.14.gemspec
I, [2014-02-28T10:00:55.509569 #38320]  INFO -- : 0:  thread_safe (0.1.3) from /Users/grahambaas/.rvm/gems/ruby-2.1.0/specifications/thread_safe-0.1.3.gemspec
I, [2014-02-28T10:00:55.509863 #38320]  INFO -- : 0:  tzinfo (0.3.38) from /Users/grahambaas/.rvm/gems/ruby-2.1.0/specifications/tzinfo-0.3.38.gemspec
I, [2014-02-28T10:00:55.510185 #38320]  INFO -- : 0:  activesupport (4.0.2) from /Users/grahambaas/.rvm/gems/ruby-2.1.0/specifications/activesupport-4.0.2.gemspec
I, [2014-02-28T10:00:55.510480 #38320]  INFO -- : 0:  builder (3.1.4) from /Users/grahambaas/.rvm/gems/ruby-2.1.0/specifications/builder-3.1.4.gemspec
I, [2014-02-28T10:00:55.510773 #38320]  INFO -- : 0:  erubis (2.7.0) from /Users/grahambaas/.rvm/gems/ruby-2.1.0/specifications/erubis-2.7.0.gemspec
I, [2014-02-28T10:00:55.511079 #38320]  INFO -- : 0:  rack (1.5.2) from /Users/grahambaas/.rvm/gems/ruby-2.1.0/specifications/rack-1.5.2.gemspec
I, [2014-02-28T10:00:55.511371 #38320]  INFO -- : 0:  rack-test (0.6.2) from /Users/grahambaas/.rvm/gems/ruby-2.1.0/specifications/rack-test-0.6.2.gemspec
I, [2014-02-28T10:00:55.511661 #38320]  INFO -- : 0:  actionpack (4.0.2) from /Users/grahambaas/.rvm/gems/ruby-2.1.0/specifications/actionpack-4.0.2.gemspec
I, [2014-02-28T10:00:55.511949 #38320]  INFO -- : 0:  mime-types (1.25.1) from /Users/grahambaas/.rvm/gems/ruby-2.1.0/specifications/mime-types-1.25.1.gemspec
I, [2014-02-28T10:00:55.512235 #38320]  INFO -- : 0:  polyglot (0.3.3) from /Users/grahambaas/.rvm/gems/ruby-2.1.0/specifications/polyglot-0.3.3.gemspec
I, [2014-02-28T10:00:55.512557 #38320]  INFO -- : 0:  treetop (1.4.15) from /Users/grahambaas/.rvm/gems/ruby-2.1.0/specifications/treetop-1.4.15.gemspec
I, [2014-02-28T10:00:55.512842 #38320]  INFO -- : 0:  mail (2.5.4) from /Users/grahambaas/.rvm/gems/ruby-2.1.0/specifications/mail-2.5.4.gemspec
I, [2014-02-28T10:00:55.513161 #38320]  INFO -- : 0:  actionmailer (4.0.2) from /Users/grahambaas/.rvm/gems/ruby-2.1.0/specifications/actionmailer-4.0.2.gemspec
I, [2014-02-28T10:00:55.513450 #38320]  INFO -- : 0:  activemodel (4.0.2) from /Users/grahambaas/.rvm/gems/ruby-2.1.0/specifications/activemodel-4.0.2.gemspec
I, [2014-02-28T10:00:55.513755 #38320]  INFO -- : 0:  active_model_serializers (0.8.1) from /Users/grahambaas/.rvm/gems/ruby-2.1.0/specifications/active_model_serializers-0.8.1.gemspec
I, [2014-02-28T10:00:55.514065 #38320]  INFO -- : 0:  activerecord-deprecated_finders (1.0.3) from /Users/grahambaas/.rvm/gems/ruby-2.1.0/specifications/activerecord-deprecated_finders-1.0.3.gemspec
I, [2014-02-28T10:00:55.514369 #38320]  INFO -- : 0:  arel (4.0.1) from /Users/grahambaas/.rvm/gems/ruby-2.1.0/specifications/arel-4.0.1.gemspec
I, [2014-02-28T10:00:55.514679 #38320]  INFO -- : 0:  activerecord (4.0.2) from /Users/grahambaas/.rvm/gems/ruby-2.1.0/specifications/activerecord-4.0.2.gemspec
I, [2014-02-28T10:00:55.514987 #38320]  INFO -- : 0:  apartment (0.23.1) from /Users/grahambaas/.rvm/gems/ruby-2.1.0/specifications/apartment-0.23.1.gemspec
I, [2014-02-28T10:00:55.515266 #38320]  INFO -- : 0:  bundler (1.5.1) from /Users/grahambaas/.rvm/gems/ruby-2.1.0@global/specifications/bundler-1.5.1.gemspec
I, [2014-02-28T10:00:55.515568 #38320]  INFO -- : 0:  thor (0.18.1) from /Users/grahambaas/.rvm/gems/ruby-2.1.0/specifications/thor-0.18.1.gemspec
I, [2014-02-28T10:00:55.515876 #38320]  INFO -- : 0:  railties (4.0.2) from /Users/grahambaas/.rvm/gems/ruby-2.1.0/specifications/railties-4.0.2.gemspec
I, [2014-02-28T10:00:55.516194 #38320]  INFO -- : 0:  hike (1.2.3) from /Users/grahambaas/.rvm/gems/ruby-2.1.0/specifications/hike-1.2.3.gemspec
I, [2014-02-28T10:00:55.516508 #38320]  INFO -- : 0:  tilt (1.4.1) from /Users/grahambaas/.rvm/gems/ruby-2.1.0/specifications/tilt-1.4.1.gemspec
I, [2014-02-28T10:00:55.516817 #38320]  INFO -- : 0:  sprockets (2.10.1) from /Users/grahambaas/.rvm/gems/ruby-2.1.0/specifications/sprockets-2.10.1.gemspec
I, [2014-02-28T10:00:55.517141 #38320]  INFO -- : 0:  sprockets-rails (2.0.1) from /Users/grahambaas/.rvm/gems/ruby-2.1.0/specifications/sprockets-rails-2.0.1.gemspec
I, [2014-02-28T10:00:55.517446 #38320]  INFO -- : 0:  rails (4.0.2) from /Users/grahambaas/.rvm/gems/ruby-2.1.0/specifications/rails-4.0.2.gemspec
I, [2014-02-28T10:00:55.517757 #38320]  INFO -- : 0:  will_paginate (3.0.5) from /Users/grahambaas/.rvm/gems/ruby-2.1.0/specifications/will_paginate-3.0.5.gemspec
I, [2014-02-28T10:00:55.518081 #38320]  INFO -- : 0:  api_pagination_headers (1.1.1) from /Users/grahambaas/.rvm/gems/ruby-2.1.0/specifications/api_pagination_headers-1.1.1.gemspec
I, [2014-02-28T10:00:55.518423 #38320]  INFO -- : 0:  bcrypt-ruby (3.1.2) from /Users/grahambaas/.rvm/gems/ruby-2.1.0/specifications/bcrypt-ruby-3.1.2.gemspec
I, [2014-02-28T10:00:55.518730 #38320]  INFO -- : 0:  net-ssh (2.7.0) from /Users/grahambaas/.rvm/gems/ruby-2.1.0/specifications/net-ssh-2.7.0.gemspec
I, [2014-02-28T10:00:55.519036 #38320]  INFO -- : 0:  net-scp (1.1.2) from /Users/grahambaas/.rvm/gems/ruby-2.1.0/specifications/net-scp-1.1.2.gemspec
I, [2014-02-28T10:00:55.519333 #38320]  INFO -- : 0:  tins (0.13.1) from /Users/grahambaas/.rvm/gems/ruby-2.1.0/specifications/tins-0.13.1.gemspec
I, [2014-02-28T10:00:55.519643 #38320]  INFO -- : 0:  term-ansicolor (1.2.2) from /Users/grahambaas/.rvm/gems/ruby-2.1.0/specifications/term-ansicolor-1.2.2.gemspec
I, [2014-02-28T10:00:55.519935 #38320]  INFO -- : 0:  sshkit (1.3.0) from /Users/grahambaas/.rvm/gems/ruby-2.1.0/specifications/sshkit-1.3.0.gemspec
I, [2014-02-28T10:00:55.520256 #38320]  INFO -- : 0:  capistrano (3.1.0) from /Users/grahambaas/.rvm/gems/ruby-2.1.0/specifications/capistrano-3.1.0.gemspec
I, [2014-02-28T10:00:55.520563 #38320]  INFO -- : 0:  capistrano-bundler (1.1.1) from /Users/grahambaas/.rvm/gems/ruby-2.1.0/specifications/capistrano-bundler-1.1.1.gemspec
I, [2014-02-28T10:00:55.520867 #38320]  INFO -- : 0:  capistrano-rails (1.1.1) from /Users/grahambaas/.rvm/gems/ruby-2.1.0/specifications/capistrano-rails-1.1.1.gemspec
I, [2014-02-28T10:00:55.521155 #38320]  INFO -- : 0:  capistrano-rvm (0.1.1) from /Users/grahambaas/.rvm/gems/ruby-2.1.0/specifications/capistrano-rvm-0.1.1.gemspec
I, [2014-02-28T10:00:55.521455 #38320]  INFO -- : 0:  choice (0.1.6) from /Users/grahambaas/.rvm/gems/ruby-2.1.0/specifications/choice-0.1.6.gemspec
I, [2014-02-28T10:00:55.521755 #38320]  INFO -- : 0:  coderay (1.1.0) from /Users/grahambaas/.rvm/gems/ruby-2.1.0/specifications/coderay-1.1.0.gemspec
I, [2014-02-28T10:00:55.522059 #38320]  INFO -- : 0:  colorize (0.6.0) from /Users/grahambaas/.rvm/gems/ruby-2.1.0/specifications/colorize-0.6.0.gemspec
I, [2014-02-28T10:00:55.522349 #38320]  INFO -- : 0:  columnize (0.3.6) from /Users/grahambaas/.rvm/gems/ruby-2.1.0/specifications/columnize-0.3.6.gemspec
I, [2014-02-28T10:00:55.522631 #38320]  INFO -- : 0:  dalli (2.7.0) from /Users/grahambaas/.rvm/gems/ruby-2.1.0/specifications/dalli-2.7.0.gemspec
I, [2014-02-28T10:00:55.524334 #38320]  INFO -- : 0:  debugger-linecache (1.2.0) from /Users/grahambaas/.rvm/gems/ruby-2.1.0/specifications/debugger-linecache-1.2.0.gemspec
I, [2014-02-28T10:00:55.524649 #38320]  INFO -- : 0:  debugger-ruby_core_source (1.3.1) from /Users/grahambaas/.rvm/gems/ruby-2.1.0/specifications/debugger-ruby_core_source-1.3.1.gemspec
I, [2014-02-28T10:00:55.524941 #38320]  INFO -- : 0:  debugger (1.6.5) from /Users/grahambaas/.rvm/gems/ruby-2.1.0/specifications/debugger-1.6.5.gemspec
I, [2014-02-28T10:00:55.525227 #38320]  INFO -- : 0:  orm_adapter (0.5.0) from /Users/grahambaas/.rvm/gems/ruby-2.1.0/specifications/orm_adapter-0.5.0.gemspec
I, [2014-02-28T10:00:55.525516 #38320]  INFO -- : 0:  warden (1.2.3) from /Users/grahambaas/.rvm/gems/ruby-2.1.0/specifications/warden-1.2.3.gemspec
I, [2014-02-28T10:00:55.525806 #38320]  INFO -- : 0:  devise (3.2.2) from /Users/grahambaas/.rvm/gems/ruby-2.1.0/specifications/devise-3.2.2.gemspec
I, [2014-02-28T10:00:55.526087 #38320]  INFO -- : 0:  diff-lcs (1.2.5) from /Users/grahambaas/.rvm/gems/ruby-2.1.0/specifications/diff-lcs-1.2.5.gemspec
I, [2014-02-28T10:00:55.526359 #38320]  INFO -- : 0:  docile (1.1.2) from /Users/grahambaas/.rvm/gems/ruby-2.1.0/specifications/docile-1.1.2.gemspec
I, [2014-02-28T10:00:55.526646 #38320]  INFO -- : 0:  factory_girl (4.3.0) from /Users/grahambaas/.rvm/gems/ruby-2.1.0/specifications/factory_girl-4.3.0.gemspec
I, [2014-02-28T10:00:55.526956 #38320]  INFO -- : 0:  factory_girl_rails (4.3.0) from /Users/grahambaas/.rvm/gems/ruby-2.1.0/specifications/factory_girl_rails-4.3.0.gemspec
I, [2014-02-28T10:00:55.527272 #38320]  INFO -- : 0:  faker (1.2.0) from /Users/grahambaas/.rvm/gems/ruby-2.1.0/specifications/faker-1.2.0.gemspec
I, [2014-02-28T10:00:55.527585 #38320]  INFO -- : 0:  foreigner (1.6.1) from /Users/grahambaas/.rvm/gems/ruby-2.1.0/specifications/foreigner-1.6.1.gemspec
I, [2014-02-28T10:00:55.527890 #38320]  INFO -- : 0:  globalize (4.0.0) from /Users/grahambaas/.rvm/gems/ruby-2.1.0/specifications/globalize-4.0.0.gemspec
I, [2014-02-28T10:00:55.528226 #38320]  INFO -- : 0:  method_source (0.8.2) from /Users/grahambaas/.rvm/gems/ruby-2.1.0/specifications/method_source-0.8.2.gemspec
I, [2014-02-28T10:00:55.528525 #38320]  INFO -- : 0:  mini_portile (0.5.2) from /Users/grahambaas/.rvm/gems/ruby-2.1.0/specifications/mini_portile-0.5.2.gemspec
I, [2014-02-28T10:00:55.528841 #38320]  INFO -- : 0:  mysql2 (0.3.14) from /Users/grahambaas/.rvm/gems/ruby-2.1.0/specifications/mysql2-0.3.14.gemspec
I, [2014-02-28T10:00:55.529252 #38320]  INFO -- : 0:  nokogiri (1.6.1) from /Users/grahambaas/.rvm/gems/ruby-2.1.0/specifications/nokogiri-1.6.1.gemspec
I, [2014-02-28T10:00:55.529551 #38320]  INFO -- : 0:  nyan-cat-formatter (0.4.0) from /Users/grahambaas/.rvm/gems/ruby-2.1.0/specifications/nyan-cat-formatter-0.4.0.gemspec
I, [2014-02-28T10:00:55.529886 #38320]  INFO -- : 0:  slop (3.4.7) from /Users/grahambaas/.rvm/gems/ruby-2.1.0/specifications/slop-3.4.7.gemspec
I, [2014-02-28T10:00:55.530224 #38320]  INFO -- : 0:  pry (0.9.12.4) from /Users/grahambaas/.rvm/gems/ruby-2.1.0/specifications/pry-0.9.12.4.gemspec
I, [2014-02-28T10:00:55.530525 #38320]  INFO -- : 0:  pry-debugger (0.2.2) from /Users/grahambaas/.rvm/gems/ruby-2.1.0/specifications/pry-debugger-0.2.2.gemspec
I, [2014-02-28T10:00:55.530842 #38320]  INFO -- : 0:  pry-remote (0.1.7) from /Users/grahambaas/.rvm/gems/ruby-2.1.0/specifications/pry-remote-0.1.7.gemspec
I, [2014-02-28T10:00:55.531137 #38320]  INFO -- : 0:  railroady (1.1.1) from /Users/grahambaas/.rvm/gems/ruby-2.1.0/specifications/railroady-1.1.1.gemspec
I, [2014-02-28T10:00:55.531440 #38320]  INFO -- : 0:  rails-api (0.1.0) from /Users/grahambaas/.rvm/gems/ruby-2.1.0/specifications/rails-api-0.1.0.gemspec
I, [2014-02-28T10:00:55.531752 #38320]  INFO -- : 0:  ruby-graphviz (1.0.9) from /Users/grahambaas/.rvm/gems/ruby-2.1.0/specifications/ruby-graphviz-1.0.9.gemspec
I, [2014-02-28T10:00:55.532050 #38320]  INFO -- : 0:  rails-erd (1.1.0) from /Users/grahambaas/.rvm/gems/ruby-2.1.0/specifications/rails-erd-1.1.0.gemspec
I, [2014-02-28T10:00:55.532379 #38320]  INFO -- : 0:  rspec-support (3.0.0.beta1) from /Users/grahambaas/.rvm/gems/ruby-2.1.0/specifications/rspec-support-3.0.0.beta1.gemspec
I, [2014-02-28T10:00:55.532664 #38320]  INFO -- : 0:  rspec-expectations (3.0.0.beta1) from /Users/grahambaas/.rvm/gems/ruby-2.1.0/specifications/rspec-expectations-3.0.0.beta1.gemspec
I, [2014-02-28T10:00:55.532989 #38320]  INFO -- : 0:  rspec-collection_matchers (0.0.2) from /Users/grahambaas/.rvm/gems/ruby-2.1.0/specifications/rspec-collection_matchers-0.0.2.gemspec
I, [2014-02-28T10:00:55.533301 #38320]  INFO -- : 0:  rspec-core (3.0.0.beta1) from /Users/grahambaas/.rvm/gems/ruby-2.1.0/specifications/rspec-core-3.0.0.beta1.gemspec
I, [2014-02-28T10:00:55.533630 #38320]  INFO -- : 0:  rspec-mocks (3.0.0.beta1) from /Users/grahambaas/.rvm/gems/ruby-2.1.0/specifications/rspec-mocks-3.0.0.beta1.gemspec
I, [2014-02-28T10:00:55.533912 #38320]  INFO -- : 0:  rspec-rails (3.0.0.beta1) from /Users/grahambaas/.rvm/gems/ruby-2.1.0/specifications/rspec-rails-3.0.0.beta1.gemspec
I, [2014-02-28T10:00:55.534202 #38320]  INFO -- : 0:  simplecov-html (0.8.0) from /Users/grahambaas/.rvm/gems/ruby-2.1.0/specifications/simplecov-html-0.8.0.gemspec
I, [2014-02-28T10:00:55.534507 #38320]  INFO -- : 0:  simplecov (0.8.2) from /Users/grahambaas/.rvm/gems/ruby-2.1.0/specifications/simplecov-0.8.2.gemspec
I, [2014-03-24T08:47:22.868969 #30279]  INFO -- : 0:  rake (10.1.1) from /Users/grahambaas/.rvm/gems/ruby-2.1.0/specifications/rake-10.1.1.gemspec
I, [2014-03-24T08:47:22.874168 #30279]  INFO -- : 0:  i18n (0.6.9) from /Users/grahambaas/.rvm/gems/ruby-2.1.0/specifications/i18n-0.6.9.gemspec
I, [2014-03-24T08:47:22.874513 #30279]  INFO -- : 0:  minitest (4.7.5) from /Users/grahambaas/.rvm/rubies/ruby-2.1.0/lib/ruby/gems/2.1.0/specifications/default/minitest-4.7.5.gemspec
I, [2014-03-24T08:47:22.874860 #30279]  INFO -- : 0:  multi_json (1.8.2) from /Users/grahambaas/.rvm/gems/ruby-2.1.0/specifications/multi_json-1.8.2.gemspec
I, [2014-03-24T08:47:22.875193 #30279]  INFO -- : 0:  atomic (1.1.14) from /Users/grahambaas/.rvm/gems/ruby-2.1.0/specifications/atomic-1.1.14.gemspec
I, [2014-03-24T08:47:22.875536 #30279]  INFO -- : 0:  thread_safe (0.1.3) from /Users/grahambaas/.rvm/gems/ruby-2.1.0/specifications/thread_safe-0.1.3.gemspec
I, [2014-03-24T08:47:22.875875 #30279]  INFO -- : 0:  tzinfo (0.3.38) from /Users/grahambaas/.rvm/gems/ruby-2.1.0/specifications/tzinfo-0.3.38.gemspec
I, [2014-03-24T08:47:22.876206 #30279]  INFO -- : 0:  activesupport (4.0.2) from /Users/grahambaas/.rvm/gems/ruby-2.1.0/specifications/activesupport-4.0.2.gemspec
I, [2014-03-24T08:47:22.876659 #30279]  INFO -- : 0:  builder (3.1.4) from /Users/grahambaas/.rvm/gems/ruby-2.1.0/specifications/builder-3.1.4.gemspec
I, [2014-03-24T08:47:22.877072 #30279]  INFO -- : 0:  erubis (2.7.0) from /Users/grahambaas/.rvm/gems/ruby-2.1.0/specifications/erubis-2.7.0.gemspec
I, [2014-03-24T08:47:22.877407 #30279]  INFO -- : 0:  rack (1.5.2) from /Users/grahambaas/.rvm/gems/ruby-2.1.0/specifications/rack-1.5.2.gemspec
I, [2014-03-24T08:47:22.877717 #30279]  INFO -- : 0:  rack-test (0.6.2) from /Users/grahambaas/.rvm/gems/ruby-2.1.0/specifications/rack-test-0.6.2.gemspec
I, [2014-03-24T08:47:22.878043 #30279]  INFO -- : 0:  actionpack (4.0.2) from /Users/grahambaas/.rvm/gems/ruby-2.1.0/specifications/actionpack-4.0.2.gemspec
I, [2014-03-24T08:47:22.878364 #30279]  INFO -- : 0:  mime-types (1.25.1) from /Users/grahambaas/.rvm/gems/ruby-2.1.0/specifications/mime-types-1.25.1.gemspec
I, [2014-03-24T08:47:22.878661 #30279]  INFO -- : 0:  polyglot (0.3.3) from /Users/grahambaas/.rvm/gems/ruby-2.1.0/specifications/polyglot-0.3.3.gemspec
I, [2014-03-24T08:47:22.878962 #30279]  INFO -- : 0:  treetop (1.4.15) from /Users/grahambaas/.rvm/gems/ruby-2.1.0/specifications/treetop-1.4.15.gemspec
I, [2014-03-24T08:47:22.879271 #30279]  INFO -- : 0:  mail (2.5.4) from /Users/grahambaas/.rvm/gems/ruby-2.1.0/specifications/mail-2.5.4.gemspec
I, [2014-03-24T08:47:22.879606 #30279]  INFO -- : 0:  actionmailer (4.0.2) from /Users/grahambaas/.rvm/gems/ruby-2.1.0/specifications/actionmailer-4.0.2.gemspec
I, [2014-03-24T08:47:22.879964 #30279]  INFO -- : 0:  activemodel (4.0.2) from /Users/grahambaas/.rvm/gems/ruby-2.1.0/specifications/activemodel-4.0.2.gemspec
I, [2014-03-24T08:47:22.880295 #30279]  INFO -- : 0:  active_model_serializers (0.8.1) from /Users/grahambaas/.rvm/gems/ruby-2.1.0/specifications/active_model_serializers-0.8.1.gemspec
I, [2014-03-24T08:47:22.880668 #30279]  INFO -- : 0:  activerecord-deprecated_finders (1.0.3) from /Users/grahambaas/.rvm/gems/ruby-2.1.0/specifications/activerecord-deprecated_finders-1.0.3.gemspec
I, [2014-03-24T08:47:22.880977 #30279]  INFO -- : 0:  arel (4.0.1) from /Users/grahambaas/.rvm/gems/ruby-2.1.0/specifications/arel-4.0.1.gemspec
I, [2014-03-24T08:47:22.881285 #30279]  INFO -- : 0:  activerecord (4.0.2) from /Users/grahambaas/.rvm/gems/ruby-2.1.0/specifications/activerecord-4.0.2.gemspec
I, [2014-03-24T08:47:22.881597 #30279]  INFO -- : 0:  apartment (0.23.1) from /Users/grahambaas/.rvm/gems/ruby-2.1.0/specifications/apartment-0.23.1.gemspec
I, [2014-03-24T08:47:22.881892 #30279]  INFO -- : 0:  bundler (1.5.1) from /Users/grahambaas/.rvm/gems/ruby-2.1.0@global/specifications/bundler-1.5.1.gemspec
I, [2014-03-24T08:47:22.882200 #30279]  INFO -- : 0:  thor (0.18.1) from /Users/grahambaas/.rvm/gems/ruby-2.1.0/specifications/thor-0.18.1.gemspec
I, [2014-03-24T08:47:22.882516 #30279]  INFO -- : 0:  railties (4.0.2) from /Users/grahambaas/.rvm/gems/ruby-2.1.0/specifications/railties-4.0.2.gemspec
I, [2014-03-24T08:47:22.882873 #30279]  INFO -- : 0:  hike (1.2.3) from /Users/grahambaas/.rvm/gems/ruby-2.1.0/specifications/hike-1.2.3.gemspec
I, [2014-03-24T08:47:22.883191 #30279]  INFO -- : 0:  tilt (1.4.1) from /Users/grahambaas/.rvm/gems/ruby-2.1.0/specifications/tilt-1.4.1.gemspec
I, [2014-03-24T08:47:22.883519 #30279]  INFO -- : 0:  sprockets (2.10.1) from /Users/grahambaas/.rvm/gems/ruby-2.1.0/specifications/sprockets-2.10.1.gemspec
I, [2014-03-24T08:47:22.883866 #30279]  INFO -- : 0:  sprockets-rails (2.0.1) from /Users/grahambaas/.rvm/gems/ruby-2.1.0/specifications/sprockets-rails-2.0.1.gemspec
I, [2014-03-24T08:47:22.884190 #30279]  INFO -- : 0:  rails (4.0.2) from /Users/grahambaas/.rvm/gems/ruby-2.1.0/specifications/rails-4.0.2.gemspec
I, [2014-03-24T08:47:22.884486 #30279]  INFO -- : 0:  will_paginate (3.0.5) from /Users/grahambaas/.rvm/gems/ruby-2.1.0/specifications/will_paginate-3.0.5.gemspec
I, [2014-03-24T08:47:22.884796 #30279]  INFO -- : 0:  api_pagination_headers (1.1.1) from /Users/grahambaas/.rvm/gems/ruby-2.1.0/specifications/api_pagination_headers-1.1.1.gemspec
I, [2014-03-24T08:47:22.885094 #30279]  INFO -- : 0:  bcrypt-ruby (3.1.2) from /Users/grahambaas/.rvm/gems/ruby-2.1.0/specifications/bcrypt-ruby-3.1.2.gemspec
I, [2014-03-24T08:47:22.885432 #30279]  INFO -- : 0:  net-ssh (2.7.0) from /Users/grahambaas/.rvm/gems/ruby-2.1.0/specifications/net-ssh-2.7.0.gemspec
I, [2014-03-24T08:47:22.885862 #30279]  INFO -- : 0:  net-scp (1.1.2) from /Users/grahambaas/.rvm/gems/ruby-2.1.0/specifications/net-scp-1.1.2.gemspec
I, [2014-03-24T08:47:22.886182 #30279]  INFO -- : 0:  tins (0.13.1) from /Users/grahambaas/.rvm/gems/ruby-2.1.0/specifications/tins-0.13.1.gemspec
I, [2014-03-24T08:47:22.886542 #30279]  INFO -- : 0:  term-ansicolor (1.2.2) from /Users/grahambaas/.rvm/gems/ruby-2.1.0/specifications/term-ansicolor-1.2.2.gemspec
I, [2014-03-24T08:47:22.886861 #30279]  INFO -- : 0:  sshkit (1.3.0) from /Users/grahambaas/.rvm/gems/ruby-2.1.0/specifications/sshkit-1.3.0.gemspec
I, [2014-03-24T08:47:22.887185 #30279]  INFO -- : 0:  capistrano (3.1.0) from /Users/grahambaas/.rvm/gems/ruby-2.1.0/specifications/capistrano-3.1.0.gemspec
I, [2014-03-24T08:47:22.887489 #30279]  INFO -- : 0:  capistrano-bundler (1.1.1) from /Users/grahambaas/.rvm/gems/ruby-2.1.0/specifications/capistrano-bundler-1.1.1.gemspec
I, [2014-03-24T08:47:22.887894 #30279]  INFO -- : 0:  capistrano-rails (1.1.1) from /Users/grahambaas/.rvm/gems/ruby-2.1.0/specifications/capistrano-rails-1.1.1.gemspec
I, [2014-03-24T08:47:22.888187 #30279]  INFO -- : 0:  capistrano-rvm (0.1.1) from /Users/grahambaas/.rvm/gems/ruby-2.1.0/specifications/capistrano-rvm-0.1.1.gemspec
I, [2014-03-24T08:47:22.888641 #30279]  INFO -- : 0:  charlock_holmes (0.6.9.4) from /Users/grahambaas/.rvm/gems/ruby-2.1.0/specifications/charlock_holmes-0.6.9.4.gemspec
I, [2014-03-24T08:47:22.888965 #30279]  INFO -- : 0:  choice (0.1.6) from /Users/grahambaas/.rvm/gems/ruby-2.1.0/specifications/choice-0.1.6.gemspec
I, [2014-03-24T08:47:22.889287 #30279]  INFO -- : 0:  coderay (1.1.0) from /Users/grahambaas/.rvm/gems/ruby-2.1.0/specifications/coderay-1.1.0.gemspec
I, [2014-03-24T08:47:22.889596 #30279]  INFO -- : 0:  colorize (0.6.0) from /Users/grahambaas/.rvm/gems/ruby-2.1.0/specifications/colorize-0.6.0.gemspec
I, [2014-03-24T08:47:22.889890 #30279]  INFO -- : 0:  columnize (0.3.6) from /Users/grahambaas/.rvm/gems/ruby-2.1.0/specifications/columnize-0.3.6.gemspec
I, [2014-03-24T08:47:22.890151 #30279]  INFO -- : 0:  dalli (2.7.0) from /Users/grahambaas/.rvm/gems/ruby-2.1.0/specifications/dalli-2.7.0.gemspec
I, [2014-03-24T08:47:22.890449 #30279]  INFO -- : 0:  debugger-linecache (1.2.0) from /Users/grahambaas/.rvm/gems/ruby-2.1.0/specifications/debugger-linecache-1.2.0.gemspec
I, [2014-03-24T08:47:22.890743 #30279]  INFO -- : 0:  debugger-ruby_core_source (1.3.1) from /Users/grahambaas/.rvm/gems/ruby-2.1.0/specifications/debugger-ruby_core_source-1.3.1.gemspec
I, [2014-03-24T08:47:22.891093 #30279]  INFO -- : 0:  debugger (1.6.5) from /Users/grahambaas/.rvm/gems/ruby-2.1.0/specifications/debugger-1.6.5.gemspec
I, [2014-03-24T08:47:22.891450 #30279]  INFO -- : 0:  orm_adapter (0.5.0) from /Users/grahambaas/.rvm/gems/ruby-2.1.0/specifications/orm_adapter-0.5.0.gemspec
I, [2014-03-24T08:47:22.891745 #30279]  INFO -- : 0:  warden (1.2.3) from /Users/grahambaas/.rvm/gems/ruby-2.1.0/specifications/warden-1.2.3.gemspec
I, [2014-03-24T08:47:22.892008 #30279]  INFO -- : 0:  devise (3.2.2) from /Users/grahambaas/.rvm/gems/ruby-2.1.0/specifications/devise-3.2.2.gemspec
I, [2014-03-24T08:47:22.892305 #30279]  INFO -- : 0:  diff-lcs (1.2.5) from /Users/grahambaas/.rvm/gems/ruby-2.1.0/specifications/diff-lcs-1.2.5.gemspec
I, [2014-03-24T08:47:22.892602 #30279]  INFO -- : 0:  docile (1.1.2) from /Users/grahambaas/.rvm/gems/ruby-2.1.0/specifications/docile-1.1.2.gemspec
I, [2014-03-24T08:47:22.892906 #30279]  INFO -- : 0:  factory_girl (4.3.0) from /Users/grahambaas/.rvm/gems/ruby-2.1.0/specifications/factory_girl-4.3.0.gemspec
I, [2014-03-24T08:47:22.893205 #30279]  INFO -- : 0:  factory_girl_rails (4.3.0) from /Users/grahambaas/.rvm/gems/ruby-2.1.0/specifications/factory_girl_rails-4.3.0.gemspec
I, [2014-03-24T08:47:22.893481 #30279]  INFO -- : 0:  faker (1.2.0) from /Users/grahambaas/.rvm/gems/ruby-2.1.0/specifications/faker-1.2.0.gemspec
I, [2014-03-24T08:47:22.893830 #30279]  INFO -- : 0:  foreigner (1.6.1) from /Users/grahambaas/.rvm/gems/ruby-2.1.0/specifications/foreigner-1.6.1.gemspec
I, [2014-03-24T08:47:22.894128 #30279]  INFO -- : 0:  github-markdown (0.5.5) from /Users/grahambaas/.rvm/gems/ruby-2.1.0/specifications/github-markdown-0.5.5.gemspec
I, [2014-03-24T08:47:22.894446 #30279]  INFO -- : 0:  github-markup (0.7.5) from /Users/grahambaas/.rvm/gems/ruby-2.1.0/specifications/github-markup-0.7.5.gemspec
I, [2014-03-24T08:47:22.894723 #30279]  INFO -- : 0:  posix-spawn (0.3.8) from /Users/grahambaas/.rvm/gems/ruby-2.1.0/specifications/posix-spawn-0.3.8.gemspec
I, [2014-03-24T08:47:22.895011 #30279]  INFO -- : 0:  gitlab-grit (2.6.0) from /Users/grahambaas/.rvm/gems/ruby-2.1.0/specifications/gitlab-grit-2.6.0.gemspec
I, [2014-03-24T08:47:22.895278 #30279]  INFO -- : 0:  globalize (4.0.0) from /Users/grahambaas/.rvm/gems/ruby-2.1.0/specifications/globalize-4.0.0.gemspec
I, [2014-03-24T08:47:22.895572 #30279]  INFO -- : 0:  mini_portile (0.5.2) from /Users/grahambaas/.rvm/gems/ruby-2.1.0/specifications/mini_portile-0.5.2.gemspec
I, [2014-03-24T08:47:22.895865 #30279]  INFO -- : 0:  nokogiri (1.6.1) from /Users/grahambaas/.rvm/gems/ruby-2.1.0/specifications/nokogiri-1.6.1.gemspec
I, [2014-03-24T08:47:22.896157 #30279]  INFO -- : 0:  rouge (1.3.2) from /Users/grahambaas/.rvm/gems/ruby-2.1.0/specifications/rouge-1.3.2.gemspec
I, [2014-03-24T08:47:22.896448 #30279]  INFO -- : 0:  sanitize (2.0.6) from /Users/grahambaas/.rvm/gems/ruby-2.1.0/specifications/sanitize-2.0.6.gemspec
I, [2014-03-24T08:47:22.896788 #30279]  INFO -- : 0:  stringex (2.1.2) from /Users/grahambaas/.rvm/gems/ruby-2.1.0/specifications/stringex-2.1.2.gemspec
I, [2014-03-24T08:47:22.897070 #30279]  INFO -- : 0:  gollum-lib (2.0.0) from /Users/grahambaas/.rvm/gems/ruby-2.1.0/specifications/gollum-lib-2.0.0.gemspec
I, [2014-03-24T08:47:22.897370 #30279]  INFO -- : 0:  mustache (0.99.5) from /Users/grahambaas/.rvm/gems/ruby-2.1.0/specifications/mustache-0.99.5.gemspec
I, [2014-03-24T08:47:22.897669 #30279]  INFO -- : 0:  rack-protection (1.5.2) from /Users/grahambaas/.rvm/gems/ruby-2.1.0/specifications/rack-protection-1.5.2.gemspec
I, [2014-03-24T08:47:22.897969 #30279]  INFO -- : 0:  sinatra (1.4.4) from /Users/grahambaas/.rvm/gems/ruby-2.1.0/specifications/sinatra-1.4.4.gemspec
I, [2014-03-24T08:47:22.898264 #30279]  INFO -- : 0:  useragent (0.8.3) from /Users/grahambaas/.rvm/gems/ruby-2.1.0/specifications/useragent-0.8.3.gemspec
I, [2014-03-24T08:47:22.898564 #30279]  INFO -- : 0:  gollum (2.7.0) from /Users/grahambaas/.rvm/gems/ruby-2.1.0/specifications/gollum-2.7.0.gemspec
I, [2014-03-24T08:47:22.898845 #30279]  INFO -- : 0:  method_source (0.8.2) from /Users/grahambaas/.rvm/gems/ruby-2.1.0/specifications/method_source-0.8.2.gemspec
I, [2014-03-24T08:47:22.899152 #30279]  INFO -- : 0:  mysql2 (0.3.14) from /Users/grahambaas/.rvm/gems/ruby-2.1.0/specifications/mysql2-0.3.14.gemspec
I, [2014-03-24T08:47:22.899453 #30279]  INFO -- : 0:  nyan-cat-formatter (0.4.0) from /Users/grahambaas/.rvm/gems/ruby-2.1.0/specifications/nyan-cat-formatter-0.4.0.gemspec
I, [2014-03-24T08:47:22.899778 #30279]  INFO -- : 0:  slop (3.4.7) from /Users/grahambaas/.rvm/gems/ruby-2.1.0/specifications/slop-3.4.7.gemspec
I, [2014-03-24T08:47:22.900130 #30279]  INFO -- : 0:  pry (0.9.12.4) from /Users/grahambaas/.rvm/gems/ruby-2.1.0/specifications/pry-0.9.12.4.gemspec
I, [2014-03-24T08:47:22.900464 #30279]  INFO -- : 0:  pry-debugger (0.2.2) from /Users/grahambaas/.rvm/gems/ruby-2.1.0/specifications/pry-debugger-0.2.2.gemspec
I, [2014-03-24T08:47:22.900857 #30279]  INFO -- : 0:  pry-remote (0.1.7) from /Users/grahambaas/.rvm/gems/ruby-2.1.0/specifications/pry-remote-0.1.7.gemspec
I, [2014-03-24T08:47:22.901255 #30279]  INFO -- : 0:  railroady (1.1.1) from /Users/grahambaas/.rvm/gems/ruby-2.1.0/specifications/railroady-1.1.1.gemspec
I, [2014-03-24T08:47:22.901680 #30279]  INFO -- : 0:  rails-api (0.1.0) from /Users/grahambaas/.rvm/gems/ruby-2.1.0/specifications/rails-api-0.1.0.gemspec
I, [2014-03-24T08:47:22.902112 #30279]  INFO -- : 0:  ruby-graphviz (1.0.9) from /Users/grahambaas/.rvm/gems/ruby-2.1.0/specifications/ruby-graphviz-1.0.9.gemspec
I, [2014-03-24T08:47:22.902508 #30279]  INFO -- : 0:  rails-erd (1.1.0) from /Users/grahambaas/.rvm/gems/ruby-2.1.0/specifications/rails-erd-1.1.0.gemspec
I, [2014-03-24T08:47:22.902928 #30279]  INFO -- : 0:  redcarpet (3.1.1) from /Users/grahambaas/.rvm/gems/ruby-2.1.0/specifications/redcarpet-3.1.1.gemspec
I, [2014-03-24T08:47:22.903320 #30279]  INFO -- : 0:  rspec-support (3.0.0.beta1) from /Users/grahambaas/.rvm/gems/ruby-2.1.0/specifications/rspec-support-3.0.0.beta1.gemspec
I, [2014-03-24T08:47:22.903720 #30279]  INFO -- : 0:  rspec-expectations (3.0.0.beta1) from /Users/grahambaas/.rvm/gems/ruby-2.1.0/specifications/rspec-expectations-3.0.0.beta1.gemspec
I, [2014-03-24T08:47:22.904148 #30279]  INFO -- : 0:  rspec-collection_matchers (0.0.2) from /Users/grahambaas/.rvm/gems/ruby-2.1.0/specifications/rspec-collection_matchers-0.0.2.gemspec
I, [2014-03-24T08:47:22.904447 #30279]  INFO -- : 0:  rspec-core (3.0.0.beta1) from /Users/grahambaas/.rvm/gems/ruby-2.1.0/specifications/rspec-core-3.0.0.beta1.gemspec
I, [2014-03-24T08:47:22.904792 #30279]  INFO -- : 0:  rspec-mocks (3.0.0.beta1) from /Users/grahambaas/.rvm/gems/ruby-2.1.0/specifications/rspec-mocks-3.0.0.beta1.gemspec
I, [2014-03-24T08:47:22.905086 #30279]  INFO -- : 0:  rspec-rails (3.0.0.beta1) from /Users/grahambaas/.rvm/gems/ruby-2.1.0/specifications/rspec-rails-3.0.0.beta1.gemspec
I, [2014-03-24T08:47:22.905361 #30279]  INFO -- : 0:  simplecov-html (0.8.0) from /Users/grahambaas/.rvm/gems/ruby-2.1.0/specifications/simplecov-html-0.8.0.gemspec
I, [2014-03-24T08:47:22.905663 #30279]  INFO -- : 0:  simplecov (0.8.2) from /Users/grahambaas/.rvm/gems/ruby-2.1.0/specifications/simplecov-0.8.2.gemspec
I, [2014-04-30T07:47:59.938324 #17562]  INFO -- : 0:  rake (10.1.1) from /Users/grahambaas/.rvm/gems/ruby-2.1.0/specifications/rake-10.1.1.gemspec
I, [2014-04-30T07:47:59.949373 #17562]  INFO -- : 0:  i18n (0.6.9) from /Users/grahambaas/.rvm/gems/ruby-2.1.0/specifications/i18n-0.6.9.gemspec
I, [2014-04-30T07:47:59.949781 #17562]  INFO -- : 0:  minitest (4.7.5) from /Users/grahambaas/.rvm/rubies/ruby-2.1.0/lib/ruby/gems/2.1.0/specifications/default/minitest-4.7.5.gemspec
I, [2014-04-30T07:47:59.950125 #17562]  INFO -- : 0:  multi_json (1.8.2) from /Users/grahambaas/.rvm/gems/ruby-2.1.0/specifications/multi_json-1.8.2.gemspec
I, [2014-04-30T07:47:59.950446 #17562]  INFO -- : 0:  atomic (1.1.14) from /Users/grahambaas/.rvm/gems/ruby-2.1.0/specifications/atomic-1.1.14.gemspec
I, [2014-04-30T07:47:59.950777 #17562]  INFO -- : 0:  thread_safe (0.1.3) from /Users/grahambaas/.rvm/gems/ruby-2.1.0/specifications/thread_safe-0.1.3.gemspec
I, [2014-04-30T07:47:59.951245 #17562]  INFO -- : 0:  tzinfo (0.3.38) from /Users/grahambaas/.rvm/gems/ruby-2.1.0/specifications/tzinfo-0.3.38.gemspec
I, [2014-04-30T07:47:59.951680 #17562]  INFO -- : 0:  activesupport (4.0.2) from /Users/grahambaas/.rvm/gems/ruby-2.1.0/specifications/activesupport-4.0.2.gemspec
I, [2014-04-30T07:47:59.952006 #17562]  INFO -- : 0:  builder (3.1.4) from /Users/grahambaas/.rvm/gems/ruby-2.1.0/specifications/builder-3.1.4.gemspec
I, [2014-04-30T07:47:59.952357 #17562]  INFO -- : 0:  erubis (2.7.0) from /Users/grahambaas/.rvm/gems/ruby-2.1.0/specifications/erubis-2.7.0.gemspec
I, [2014-04-30T07:47:59.952680 #17562]  INFO -- : 0:  rack (1.5.2) from /Users/grahambaas/.rvm/gems/ruby-2.1.0/specifications/rack-1.5.2.gemspec
I, [2014-04-30T07:47:59.953009 #17562]  INFO -- : 0:  rack-test (0.6.2) from /Users/grahambaas/.rvm/gems/ruby-2.1.0/specifications/rack-test-0.6.2.gemspec
I, [2014-04-30T07:47:59.953334 #17562]  INFO -- : 0:  actionpack (4.0.2) from /Users/grahambaas/.rvm/gems/ruby-2.1.0/specifications/actionpack-4.0.2.gemspec
I, [2014-04-30T07:47:59.953663 #17562]  INFO -- : 0:  mime-types (1.25.1) from /Users/grahambaas/.rvm/gems/ruby-2.1.0/specifications/mime-types-1.25.1.gemspec
I, [2014-04-30T07:47:59.954002 #17562]  INFO -- : 0:  polyglot (0.3.3) from /Users/grahambaas/.rvm/gems/ruby-2.1.0/specifications/polyglot-0.3.3.gemspec
I, [2014-04-30T07:47:59.954533 #17562]  INFO -- : 0:  treetop (1.4.15) from /Users/grahambaas/.rvm/gems/ruby-2.1.0/specifications/treetop-1.4.15.gemspec
I, [2014-04-30T07:47:59.957049 #17562]  INFO -- : 0:  mail (2.5.4) from /Users/grahambaas/.rvm/gems/ruby-2.1.0/specifications/mail-2.5.4.gemspec
I, [2014-04-30T07:47:59.957414 #17562]  INFO -- : 0:  actionmailer (4.0.2) from /Users/grahambaas/.rvm/gems/ruby-2.1.0/specifications/actionmailer-4.0.2.gemspec
I, [2014-04-30T07:47:59.957719 #17562]  INFO -- : 0:  activemodel (4.0.2) from /Users/grahambaas/.rvm/gems/ruby-2.1.0/specifications/activemodel-4.0.2.gemspec
I, [2014-04-30T07:47:59.958026 #17562]  INFO -- : 0:  active_model_serializers (0.8.1) from /Users/grahambaas/.rvm/gems/ruby-2.1.0/specifications/active_model_serializers-0.8.1.gemspec
I, [2014-04-30T07:47:59.958352 #17562]  INFO -- : 0:  activerecord-deprecated_finders (1.0.3) from /Users/grahambaas/.rvm/gems/ruby-2.1.0/specifications/activerecord-deprecated_finders-1.0.3.gemspec
I, [2014-04-30T07:47:59.958657 #17562]  INFO -- : 0:  arel (4.0.1) from /Users/grahambaas/.rvm/gems/ruby-2.1.0/specifications/arel-4.0.1.gemspec
I, [2014-04-30T07:47:59.958980 #17562]  INFO -- : 0:  activerecord (4.0.2) from /Users/grahambaas/.rvm/gems/ruby-2.1.0/specifications/activerecord-4.0.2.gemspec
I, [2014-04-30T07:47:59.959306 #17562]  INFO -- : 0:  apartment (0.23.1) from /Users/grahambaas/.rvm/gems/ruby-2.1.0/specifications/apartment-0.23.1.gemspec
I, [2014-04-30T07:47:59.959598 #17562]  INFO -- : 0:  bundler (1.5.1) from /Users/grahambaas/.rvm/gems/ruby-2.1.0@global/specifications/bundler-1.5.1.gemspec
I, [2014-04-30T07:47:59.959924 #17562]  INFO -- : 0:  thor (0.18.1) from /Users/grahambaas/.rvm/gems/ruby-2.1.0/specifications/thor-0.18.1.gemspec
I, [2014-04-30T07:47:59.960232 #17562]  INFO -- : 0:  railties (4.0.2) from /Users/grahambaas/.rvm/gems/ruby-2.1.0/specifications/railties-4.0.2.gemspec
I, [2014-04-30T07:47:59.960546 #17562]  INFO -- : 0:  hike (1.2.3) from /Users/grahambaas/.rvm/gems/ruby-2.1.0/specifications/hike-1.2.3.gemspec
I, [2014-04-30T07:47:59.960881 #17562]  INFO -- : 0:  tilt (1.4.1) from /Users/grahambaas/.rvm/gems/ruby-2.1.0/specifications/tilt-1.4.1.gemspec
I, [2014-04-30T07:47:59.961178 #17562]  INFO -- : 0:  sprockets (2.10.1) from /Users/grahambaas/.rvm/gems/ruby-2.1.0/specifications/sprockets-2.10.1.gemspec
I, [2014-04-30T07:47:59.961484 #17562]  INFO -- : 0:  sprockets-rails (2.0.1) from /Users/grahambaas/.rvm/gems/ruby-2.1.0/specifications/sprockets-rails-2.0.1.gemspec
I, [2014-04-30T07:47:59.961935 #17562]  INFO -- : 0:  rails (4.0.2) from /Users/grahambaas/.rvm/gems/ruby-2.1.0/specifications/rails-4.0.2.gemspec
I, [2014-04-30T07:47:59.962410 #17562]  INFO -- : 0:  will_paginate (3.0.5) from /Users/grahambaas/.rvm/gems/ruby-2.1.0/specifications/will_paginate-3.0.5.gemspec
I, [2014-04-30T07:47:59.962781 #17562]  INFO -- : 0:  api_pagination_headers (1.1.1) from /Users/grahambaas/.rvm/gems/ruby-2.1.0/specifications/api_pagination_headers-1.1.1.gemspec
I, [2014-04-30T07:47:59.963257 #17562]  INFO -- : 0:  bcrypt-ruby (3.1.2) from /Users/grahambaas/.rvm/gems/ruby-2.1.0/specifications/bcrypt-ruby-3.1.2.gemspec
I, [2014-04-30T07:47:59.963731 #17562]  INFO -- : 0:  net-ssh (2.7.0) from /Users/grahambaas/.rvm/gems/ruby-2.1.0/specifications/net-ssh-2.7.0.gemspec
I, [2014-04-30T07:47:59.964222 #17562]  INFO -- : 0:  net-scp (1.1.2) from /Users/grahambaas/.rvm/gems/ruby-2.1.0/specifications/net-scp-1.1.2.gemspec
I, [2014-04-30T07:47:59.964670 #17562]  INFO -- : 0:  tins (0.13.1) from /Users/grahambaas/.rvm/gems/ruby-2.1.0/specifications/tins-0.13.1.gemspec
I, [2014-04-30T07:47:59.965203 #17562]  INFO -- : 0:  term-ansicolor (1.2.2) from /Users/grahambaas/.rvm/gems/ruby-2.1.0/specifications/term-ansicolor-1.2.2.gemspec
I, [2014-04-30T07:47:59.965645 #17562]  INFO -- : 0:  sshkit (1.3.0) from /Users/grahambaas/.rvm/gems/ruby-2.1.0/specifications/sshkit-1.3.0.gemspec
I, [2014-04-30T07:47:59.966152 #17562]  INFO -- : 0:  capistrano (3.1.0) from /Users/grahambaas/.rvm/gems/ruby-2.1.0/specifications/capistrano-3.1.0.gemspec
I, [2014-04-30T07:47:59.966742 #17562]  INFO -- : 0:  capistrano-bundler (1.1.1) from /Users/grahambaas/.rvm/gems/ruby-2.1.0/specifications/capistrano-bundler-1.1.1.gemspec
I, [2014-04-30T07:47:59.967239 #17562]  INFO -- : 0:  capistrano-rails (1.1.1) from /Users/grahambaas/.rvm/gems/ruby-2.1.0/specifications/capistrano-rails-1.1.1.gemspec
I, [2014-04-30T07:47:59.967705 #17562]  INFO -- : 0:  capistrano-rvm (0.1.1) from /Users/grahambaas/.rvm/gems/ruby-2.1.0/specifications/capistrano-rvm-0.1.1.gemspec
I, [2014-04-30T07:47:59.968141 #17562]  INFO -- : 0:  charlock_holmes (0.6.9.4) from /Users/grahambaas/.rvm/gems/ruby-2.1.0/specifications/charlock_holmes-0.6.9.4.gemspec
I, [2014-04-30T07:47:59.968574 #17562]  INFO -- : 0:  choice (0.1.6) from /Users/grahambaas/.rvm/gems/ruby-2.1.0/specifications/choice-0.1.6.gemspec
I, [2014-04-30T07:47:59.969055 #17562]  INFO -- : 0:  coderay (1.1.0) from /Users/grahambaas/.rvm/gems/ruby-2.1.0/specifications/coderay-1.1.0.gemspec
I, [2014-04-30T07:47:59.969474 #17562]  INFO -- : 0:  colorize (0.6.0) from /Users/grahambaas/.rvm/gems/ruby-2.1.0/specifications/colorize-0.6.0.gemspec
I, [2014-04-30T07:47:59.969903 #17562]  INFO -- : 0:  columnize (0.3.6) from /Users/grahambaas/.rvm/gems/ruby-2.1.0/specifications/columnize-0.3.6.gemspec
I, [2014-04-30T07:47:59.970415 #17562]  INFO -- : 0:  dalli (2.7.0) from /Users/grahambaas/.rvm/gems/ruby-2.1.0/specifications/dalli-2.7.0.gemspec
I, [2014-04-30T07:47:59.970902 #17562]  INFO -- : 0:  debugger-linecache (1.2.0) from /Users/grahambaas/.rvm/gems/ruby-2.1.0/specifications/debugger-linecache-1.2.0.gemspec
I, [2014-04-30T07:47:59.971415 #17562]  INFO -- : 0:  debugger-ruby_core_source (1.3.1) from /Users/grahambaas/.rvm/gems/ruby-2.1.0/specifications/debugger-ruby_core_source-1.3.1.gemspec
I, [2014-04-30T07:47:59.971859 #17562]  INFO -- : 0:  debugger (1.6.5) from /Users/grahambaas/.rvm/gems/ruby-2.1.0/specifications/debugger-1.6.5.gemspec
I, [2014-04-30T07:47:59.972186 #17562]  INFO -- : 0:  orm_adapter (0.5.0) from /Users/grahambaas/.rvm/gems/ruby-2.1.0/specifications/orm_adapter-0.5.0.gemspec
I, [2014-04-30T07:47:59.972493 #17562]  INFO -- : 0:  warden (1.2.3) from /Users/grahambaas/.rvm/gems/ruby-2.1.0/specifications/warden-1.2.3.gemspec
I, [2014-04-30T07:47:59.972785 #17562]  INFO -- : 0:  devise (3.2.2) from /Users/grahambaas/.rvm/gems/ruby-2.1.0/specifications/devise-3.2.2.gemspec
I, [2014-04-30T07:47:59.973113 #17562]  INFO -- : 0:  diff-lcs (1.2.5) from /Users/grahambaas/.rvm/gems/ruby-2.1.0/specifications/diff-lcs-1.2.5.gemspec
I, [2014-04-30T07:47:59.973527 #17562]  INFO -- : 0:  docile (1.1.2) from /Users/grahambaas/.rvm/gems/ruby-2.1.0/specifications/docile-1.1.2.gemspec
I, [2014-04-30T07:47:59.973922 #17562]  INFO -- : 0:  factory_girl (4.3.0) from /Users/grahambaas/.rvm/gems/ruby-2.1.0/specifications/factory_girl-4.3.0.gemspec
I, [2014-04-30T07:47:59.974354 #17562]  INFO -- : 0:  factory_girl_rails (4.3.0) from /Users/grahambaas/.rvm/gems/ruby-2.1.0/specifications/factory_girl_rails-4.3.0.gemspec
I, [2014-04-30T07:47:59.974811 #17562]  INFO -- : 0:  faker (1.2.0) from /Users/grahambaas/.rvm/gems/ruby-2.1.0/specifications/faker-1.2.0.gemspec
I, [2014-04-30T07:47:59.975230 #17562]  INFO -- : 0:  foreigner (1.6.1) from /Users/grahambaas/.rvm/gems/ruby-2.1.0/specifications/foreigner-1.6.1.gemspec
I, [2014-04-30T07:47:59.975740 #17562]  INFO -- : 0:  github-markdown (0.5.5) from /Users/grahambaas/.rvm/gems/ruby-2.1.0/specifications/github-markdown-0.5.5.gemspec
I, [2014-04-30T07:47:59.976193 #17562]  INFO -- : 0:  github-markup (0.7.5) from /Users/grahambaas/.rvm/gems/ruby-2.1.0/specifications/github-markup-0.7.5.gemspec
I, [2014-04-30T07:47:59.976584 #17562]  INFO -- : 0:  posix-spawn (0.3.8) from /Users/grahambaas/.rvm/gems/ruby-2.1.0/specifications/posix-spawn-0.3.8.gemspec
I, [2014-04-30T07:47:59.976949 #17562]  INFO -- : 0:  gitlab-grit (2.6.0) from /Users/grahambaas/.rvm/gems/ruby-2.1.0/specifications/gitlab-grit-2.6.0.gemspec
I, [2014-04-30T07:47:59.977354 #17562]  INFO -- : 0:  globalize (4.0.0) from /Users/grahambaas/.rvm/gems/ruby-2.1.0/specifications/globalize-4.0.0.gemspec
I, [2014-04-30T07:47:59.977696 #17562]  INFO -- : 0:  mini_portile (0.5.2) from /Users/grahambaas/.rvm/gems/ruby-2.1.0/specifications/mini_portile-0.5.2.gemspec
I, [2014-04-30T07:47:59.978061 #17562]  INFO -- : 0:  nokogiri (1.6.1) from /Users/grahambaas/.rvm/gems/ruby-2.1.0/specifications/nokogiri-1.6.1.gemspec
I, [2014-04-30T07:47:59.978396 #17562]  INFO -- : 0:  rouge (1.3.2) from /Users/grahambaas/.rvm/gems/ruby-2.1.0/specifications/rouge-1.3.2.gemspec
I, [2014-04-30T07:47:59.978766 #17562]  INFO -- : 0:  sanitize (2.0.6) from /Users/grahambaas/.rvm/gems/ruby-2.1.0/specifications/sanitize-2.0.6.gemspec
I, [2014-04-30T07:47:59.979127 #17562]  INFO -- : 0:  stringex (2.1.2) from /Users/grahambaas/.rvm/gems/ruby-2.1.0/specifications/stringex-2.1.2.gemspec
I, [2014-04-30T07:47:59.979504 #17562]  INFO -- : 0:  gollum-lib (2.0.0) from /Users/grahambaas/.rvm/gems/ruby-2.1.0/specifications/gollum-lib-2.0.0.gemspec
I, [2014-04-30T07:47:59.979846 #17562]  INFO -- : 0:  mustache (0.99.5) from /Users/grahambaas/.rvm/gems/ruby-2.1.0/specifications/mustache-0.99.5.gemspec
I, [2014-04-30T07:47:59.980239 #17562]  INFO -- : 0:  rack-protection (1.5.2) from /Users/grahambaas/.rvm/gems/ruby-2.1.0/specifications/rack-protection-1.5.2.gemspec
I, [2014-04-30T07:47:59.980688 #17562]  INFO -- : 0:  sinatra (1.4.4) from /Users/grahambaas/.rvm/gems/ruby-2.1.0/specifications/sinatra-1.4.4.gemspec
I, [2014-04-30T07:47:59.981132 #17562]  INFO -- : 0:  useragent (0.8.3) from /Users/grahambaas/.rvm/gems/ruby-2.1.0/specifications/useragent-0.8.3.gemspec
I, [2014-04-30T07:47:59.981668 #17562]  INFO -- : 0:  gollum (2.7.0) from /Users/grahambaas/.rvm/gems/ruby-2.1.0/specifications/gollum-2.7.0.gemspec
I, [2014-04-30T07:47:59.982132 #17562]  INFO -- : 0:  method_source (0.8.2) from /Users/grahambaas/.rvm/gems/ruby-2.1.0/specifications/method_source-0.8.2.gemspec
I, [2014-04-30T07:47:59.982663 #17562]  INFO -- : 0:  mysql2 (0.3.14) from /Users/grahambaas/.rvm/gems/ruby-2.1.0/specifications/mysql2-0.3.14.gemspec
I, [2014-04-30T07:47:59.983155 #17562]  INFO -- : 0:  nyan-cat-formatter (0.4.0) from /Users/grahambaas/.rvm/gems/ruby-2.1.0/specifications/nyan-cat-formatter-0.4.0.gemspec
I, [2014-04-30T07:47:59.983643 #17562]  INFO -- : 0:  slop (3.4.7) from /Users/grahambaas/.rvm/gems/ruby-2.1.0/specifications/slop-3.4.7.gemspec
I, [2014-04-30T07:47:59.984150 #17562]  INFO -- : 0:  pry (0.9.12.4) from /Users/grahambaas/.rvm/gems/ruby-2.1.0/specifications/pry-0.9.12.4.gemspec
I, [2014-04-30T07:47:59.984639 #17562]  INFO -- : 0:  pry-debugger (0.2.2) from /Users/grahambaas/.rvm/gems/ruby-2.1.0/specifications/pry-debugger-0.2.2.gemspec
I, [2014-04-30T07:47:59.985145 #17562]  INFO -- : 0:  pry-remote (0.1.7) from /Users/grahambaas/.rvm/gems/ruby-2.1.0/specifications/pry-remote-0.1.7.gemspec
I, [2014-04-30T07:47:59.985649 #17562]  INFO -- : 0:  railroady (1.1.1) from /Users/grahambaas/.rvm/gems/ruby-2.1.0/specifications/railroady-1.1.1.gemspec
I, [2014-04-30T07:47:59.986168 #17562]  INFO -- : 0:  rails-api (0.1.0) from /Users/grahambaas/.rvm/gems/ruby-2.1.0/specifications/rails-api-0.1.0.gemspec
I, [2014-04-30T07:47:59.986699 #17562]  INFO -- : 0:  ruby-graphviz (1.0.9) from /Users/grahambaas/.rvm/gems/ruby-2.1.0/specifications/ruby-graphviz-1.0.9.gemspec
I, [2014-04-30T07:47:59.987167 #17562]  INFO -- : 0:  rails-erd (1.1.0) from /Users/grahambaas/.rvm/gems/ruby-2.1.0/specifications/rails-erd-1.1.0.gemspec
I, [2014-04-30T07:47:59.987622 #17562]  INFO -- : 0:  redcarpet (3.1.1) from /Users/grahambaas/.rvm/gems/ruby-2.1.0/specifications/redcarpet-3.1.1.gemspec
I, [2014-04-30T07:47:59.988014 #17562]  INFO -- : 0:  rspec-support (3.0.0.beta1) from /Users/grahambaas/.rvm/gems/ruby-2.1.0/specifications/rspec-support-3.0.0.beta1.gemspec
I, [2014-04-30T07:47:59.988409 #17562]  INFO -- : 0:  rspec-expectations (3.0.0.beta1) from /Users/grahambaas/.rvm/gems/ruby-2.1.0/specifications/rspec-expectations-3.0.0.beta1.gemspec
I, [2014-04-30T07:47:59.988766 #17562]  INFO -- : 0:  rspec-collection_matchers (0.0.2) from /Users/grahambaas/.rvm/gems/ruby-2.1.0/specifications/rspec-collection_matchers-0.0.2.gemspec
I, [2014-04-30T07:47:59.989136 #17562]  INFO -- : 0:  rspec-core (3.0.0.beta1) from /Users/grahambaas/.rvm/gems/ruby-2.1.0/specifications/rspec-core-3.0.0.beta1.gemspec
I, [2014-04-30T07:47:59.989599 #17562]  INFO -- : 0:  rspec-mocks (3.0.0.beta1) from /Users/grahambaas/.rvm/gems/ruby-2.1.0/specifications/rspec-mocks-3.0.0.beta1.gemspec
I, [2014-04-30T07:47:59.989994 #17562]  INFO -- : 0:  rspec-rails (3.0.0.beta1) from /Users/grahambaas/.rvm/gems/ruby-2.1.0/specifications/rspec-rails-3.0.0.beta1.gemspec
I, [2014-04-30T07:47:59.990460 #17562]  INFO -- : 0:  simplecov-html (0.8.0) from /Users/grahambaas/.rvm/gems/ruby-2.1.0/specifications/simplecov-html-0.8.0.gemspec
I, [2014-04-30T07:47:59.990818 #17562]  INFO -- : 0:  simplecov (0.8.2) from /Users/grahambaas/.rvm/gems/ruby-2.1.0/specifications/simplecov-0.8.2.gemspec
I, [2014-05-14T08:21:28.271260 #30223]  INFO -- : 0:  rake (10.1.1) from /Users/michaelirey/.rvm/gems/ruby-2.1.0/specifications/rake-10.1.1.gemspec
I, [2014-05-14T08:21:28.271652 #30223]  INFO -- : 0:  i18n (0.6.9) from /Users/michaelirey/.rvm/gems/ruby-2.1.0/specifications/i18n-0.6.9.gemspec
I, [2014-05-14T08:21:28.271939 #30223]  INFO -- : 0:  minitest (4.7.5) from /Users/michaelirey/.rvm/rubies/ruby-2.1.0/lib/ruby/gems/2.1.0/specifications/default/minitest-4.7.5.gemspec
I, [2014-05-14T08:21:28.272255 #30223]  INFO -- : 0:  multi_json (1.8.2) from /Users/michaelirey/.rvm/gems/ruby-2.1.0/specifications/multi_json-1.8.2.gemspec
I, [2014-05-14T08:21:28.272552 #30223]  INFO -- : 0:  atomic (1.1.14) from /Users/michaelirey/.rvm/gems/ruby-2.1.0/specifications/atomic-1.1.14.gemspec
I, [2014-05-14T08:21:28.272843 #30223]  INFO -- : 0:  thread_safe (0.1.3) from /Users/michaelirey/.rvm/gems/ruby-2.1.0/specifications/thread_safe-0.1.3.gemspec
I, [2014-05-14T08:21:28.273137 #30223]  INFO -- : 0:  tzinfo (0.3.38) from /Users/michaelirey/.rvm/gems/ruby-2.1.0/specifications/tzinfo-0.3.38.gemspec
I, [2014-05-14T08:21:28.273438 #30223]  INFO -- : 0:  activesupport (4.0.2) from /Users/michaelirey/.rvm/gems/ruby-2.1.0/specifications/activesupport-4.0.2.gemspec
I, [2014-05-14T08:21:28.273741 #30223]  INFO -- : 0:  builder (3.1.4) from /Users/michaelirey/.rvm/gems/ruby-2.1.0/specifications/builder-3.1.4.gemspec
I, [2014-05-14T08:21:28.274032 #30223]  INFO -- : 0:  erubis (2.7.0) from /Users/michaelirey/.rvm/gems/ruby-2.1.0/specifications/erubis-2.7.0.gemspec
I, [2014-05-14T08:21:28.274324 #30223]  INFO -- : 0:  rack (1.5.2) from /Users/michaelirey/.rvm/gems/ruby-2.1.0/specifications/rack-1.5.2.gemspec
I, [2014-05-14T08:21:28.274616 #30223]  INFO -- : 0:  rack-test (0.6.2) from /Users/michaelirey/.rvm/gems/ruby-2.1.0/specifications/rack-test-0.6.2.gemspec
I, [2014-05-14T08:21:28.274963 #30223]  INFO -- : 0:  actionpack (4.0.2) from /Users/michaelirey/.rvm/gems/ruby-2.1.0/specifications/actionpack-4.0.2.gemspec
I, [2014-05-14T08:21:28.275264 #30223]  INFO -- : 0:  mime-types (1.25.1) from /Users/michaelirey/.rvm/gems/ruby-2.1.0/specifications/mime-types-1.25.1.gemspec
I, [2014-05-14T08:21:28.275559 #30223]  INFO -- : 0:  polyglot (0.3.3) from /Users/michaelirey/.rvm/gems/ruby-2.1.0/specifications/polyglot-0.3.3.gemspec
I, [2014-05-14T08:21:28.275851 #30223]  INFO -- : 0:  treetop (1.4.15) from /Users/michaelirey/.rvm/gems/ruby-2.1.0/specifications/treetop-1.4.15.gemspec
I, [2014-05-14T08:21:28.276131 #30223]  INFO -- : 0:  mail (2.5.4) from /Users/michaelirey/.rvm/gems/ruby-2.1.0/specifications/mail-2.5.4.gemspec
I, [2014-05-14T08:21:28.276428 #30223]  INFO -- : 0:  actionmailer (4.0.2) from /Users/michaelirey/.rvm/gems/ruby-2.1.0/specifications/actionmailer-4.0.2.gemspec
I, [2014-05-14T08:21:28.276733 #30223]  INFO -- : 0:  activemodel (4.0.2) from /Users/michaelirey/.rvm/gems/ruby-2.1.0/specifications/activemodel-4.0.2.gemspec
I, [2014-05-14T08:21:28.277030 #30223]  INFO -- : 0:  active_model_serializers (0.8.1) from /Users/michaelirey/.rvm/gems/ruby-2.1.0/specifications/active_model_serializers-0.8.1.gemspec
I, [2014-05-14T08:21:28.277377 #30223]  INFO -- : 0:  activerecord-deprecated_finders (1.0.3) from /Users/michaelirey/.rvm/gems/ruby-2.1.0/specifications/activerecord-deprecated_finders-1.0.3.gemspec
I, [2014-05-14T08:21:28.277671 #30223]  INFO -- : 0:  arel (4.0.1) from /Users/michaelirey/.rvm/gems/ruby-2.1.0/specifications/arel-4.0.1.gemspec
I, [2014-05-14T08:21:28.277972 #30223]  INFO -- : 0:  activerecord (4.0.2) from /Users/michaelirey/.rvm/gems/ruby-2.1.0/specifications/activerecord-4.0.2.gemspec
I, [2014-05-14T08:21:28.278264 #30223]  INFO -- : 0:  apartment (0.23.1) from /Users/michaelirey/.rvm/gems/ruby-2.1.0/specifications/apartment-0.23.1.gemspec
I, [2014-05-14T08:21:28.278556 #30223]  INFO -- : 0:  bundler (1.5.1) from /Users/michaelirey/.rvm/gems/ruby-2.1.0@global/specifications/bundler-1.5.1.gemspec
I, [2014-05-14T08:21:28.278857 #30223]  INFO -- : 0:  thor (0.18.1) from /Users/michaelirey/.rvm/gems/ruby-2.1.0/specifications/thor-0.18.1.gemspec
I, [2014-05-14T08:21:28.279176 #30223]  INFO -- : 0:  railties (4.0.2) from /Users/michaelirey/.rvm/gems/ruby-2.1.0/specifications/railties-4.0.2.gemspec
I, [2014-05-14T08:21:28.279470 #30223]  INFO -- : 0:  hike (1.2.3) from /Users/michaelirey/.rvm/gems/ruby-2.1.0/specifications/hike-1.2.3.gemspec
I, [2014-05-14T08:21:28.279755 #30223]  INFO -- : 0:  tilt (1.4.1) from /Users/michaelirey/.rvm/gems/ruby-2.1.0/specifications/tilt-1.4.1.gemspec
I, [2014-05-14T08:21:28.280057 #30223]  INFO -- : 0:  sprockets (2.10.1) from /Users/michaelirey/.rvm/gems/ruby-2.1.0/specifications/sprockets-2.10.1.gemspec
I, [2014-05-14T08:21:28.280362 #30223]  INFO -- : 0:  sprockets-rails (2.0.1) from /Users/michaelirey/.rvm/gems/ruby-2.1.0/specifications/sprockets-rails-2.0.1.gemspec
I, [2014-05-14T08:21:28.280659 #30223]  INFO -- : 0:  rails (4.0.2) from /Users/michaelirey/.rvm/gems/ruby-2.1.0/specifications/rails-4.0.2.gemspec
I, [2014-05-14T08:21:28.280944 #30223]  INFO -- : 0:  will_paginate (3.0.5) from /Users/michaelirey/.rvm/gems/ruby-2.1.0/specifications/will_paginate-3.0.5.gemspec
I, [2014-05-14T08:21:28.281245 #30223]  INFO -- : 0:  api_pagination_headers (1.1.1) from /Users/michaelirey/.rvm/gems/ruby-2.1.0/specifications/api_pagination_headers-1.1.1.gemspec
I, [2014-05-14T08:21:28.281544 #30223]  INFO -- : 0:  bcrypt-ruby (3.1.2) from /Users/michaelirey/.rvm/gems/ruby-2.1.0/specifications/bcrypt-ruby-3.1.2.gemspec
I, [2014-05-14T08:21:28.281847 #30223]  INFO -- : 0:  net-ssh (2.7.0) from /Users/michaelirey/.rvm/gems/ruby-2.1.0/specifications/net-ssh-2.7.0.gemspec
I, [2014-05-14T08:21:28.282143 #30223]  INFO -- : 0:  net-scp (1.1.2) from /Users/michaelirey/.rvm/gems/ruby-2.1.0/specifications/net-scp-1.1.2.gemspec
I, [2014-05-14T08:21:28.282434 #30223]  INFO -- : 0:  tins (0.13.1) from /Users/michaelirey/.rvm/gems/ruby-2.1.0/specifications/tins-0.13.1.gemspec
I, [2014-05-14T08:21:28.282733 #30223]  INFO -- : 0:  term-ansicolor (1.2.2) from /Users/michaelirey/.rvm/gems/ruby-2.1.0/specifications/term-ansicolor-1.2.2.gemspec
I, [2014-05-14T08:21:28.283037 #30223]  INFO -- : 0:  sshkit (1.3.0) from /Users/michaelirey/.rvm/gems/ruby-2.1.0/specifications/sshkit-1.3.0.gemspec
I, [2014-05-14T08:21:28.283339 #30223]  INFO -- : 0:  capistrano (3.1.0) from /Users/michaelirey/.rvm/gems/ruby-2.1.0/specifications/capistrano-3.1.0.gemspec
I, [2014-05-14T08:21:28.283635 #30223]  INFO -- : 0:  capistrano-bundler (1.1.1) from /Users/michaelirey/.rvm/gems/ruby-2.1.0/specifications/capistrano-bundler-1.1.1.gemspec
I, [2014-05-14T08:21:28.283931 #30223]  INFO -- : 0:  capistrano-rails (1.1.1) from /Users/michaelirey/.rvm/gems/ruby-2.1.0/specifications/capistrano-rails-1.1.1.gemspec
I, [2014-05-14T08:21:28.284226 #30223]  INFO -- : 0:  capistrano-rvm (0.1.1) from /Users/michaelirey/.rvm/gems/ruby-2.1.0/specifications/capistrano-rvm-0.1.1.gemspec
E, [2014-05-14T08:21:30.492414 #30223] ERROR -- : Gem::Ext::BuildError: ERROR: Failed to build gem native extension.

    /Users/michaelirey/.rvm/rubies/ruby-2.1.0/bin/ruby extconf.rb 
checking for main() in -licui18n... no
checking for main() in -licui18n... no


***************************************************************************************
*********** icu required (brew install icu4c or apt-get install libicu-dev) ***********
***************************************************************************************
*** extconf.rb failed ***
Could not create Makefile due to some reason, probably lack of necessary
libraries and/or headers.  Check the mkmf.log file for more details.  You may
need configuration options.

Provided configuration options:
	--with-opt-dir
	--without-opt-dir
	--with-opt-include
	--without-opt-include=${opt-dir}/include
	--with-opt-lib
	--without-opt-lib=${opt-dir}/lib
	--with-make-prog
	--without-make-prog
	--srcdir=.
	--curdir
	--ruby=/Users/michaelirey/.rvm/rubies/ruby-2.1.0/bin/ruby
	--with-icu-dir
	--without-icu-dir
	--with-icu-include
	--without-icu-include=${icu-dir}/include
	--with-icu-lib
	--without-icu-lib=${icu-dir}/lib
	--with-icui18nlib
	--without-icui18nlib
	--with-icui18nlib
	--without-icui18nlib

extconf failed, exit code 1

Gem files will remain installed in /Users/michaelirey/.rvm/gems/ruby-2.1.0/gems/charlock_holmes-0.6.9.4 for inspection.
Results logged to /Users/michaelirey/.rvm/gems/ruby-2.1.0/extensions/x86_64-darwin-12/2.1.0-static/charlock_holmes-0.6.9.4/gem_make.out

/Users/michaelirey/.rvm/rubies/ruby-2.1.0/lib/ruby/site_ruby/2.1.0/rubygems/ext/builder.rb:89:in `run'  \n/Users/michaelirey/.rvm/rubies/ruby-2.1.0/lib/ruby/site_ruby/2.1.0/rubygems/ext/ext_conf_builder.rb:37:in `block in build'  \n/Users/michaelirey/.rvm/rubies/ruby-2.1.0/lib/ruby/2.1.0/tempfile.rb:324:in `open'  \n/Users/michaelirey/.rvm/rubies/ruby-2.1.0/lib/ruby/site_ruby/2.1.0/rubygems/ext/ext_conf_builder.rb:17:in `build'  \n/Users/michaelirey/.rvm/rubies/ruby-2.1.0/lib/ruby/site_ruby/2.1.0/rubygems/ext/builder.rb:161:in `block (2 levels) in build_extension'  \n/Users/michaelirey/.rvm/rubies/ruby-2.1.0/lib/ruby/site_ruby/2.1.0/rubygems/ext/builder.rb:160:in `chdir'  \n/Users/michaelirey/.rvm/rubies/ruby-2.1.0/lib/ruby/site_ruby/2.1.0/rubygems/ext/builder.rb:160:in `block in build_extension'  \n/Users/michaelirey/.rvm/rubies/ruby-2.1.0/lib/ruby/site_ruby/2.1.0/rubygems/ext/builder.rb:159:in `synchronize'  \n/Users/michaelirey/.rvm/rubies/ruby-2.1.0/lib/ruby/site_ruby/2.1.0/rubygems/ext/builder.rb:159:in `build_extension'  \n/Users/michaelirey/.rvm/rubies/ruby-2.1.0/lib/ruby/site_ruby/2.1.0/rubygems/ext/builder.rb:198:in `block in build_extensions'  \n/Users/michaelirey/.rvm/rubies/ruby-2.1.0/lib/ruby/site_ruby/2.1.0/rubygems/ext/builder.rb:195:in `each'  \n/Users/michaelirey/.rvm/rubies/ruby-2.1.0/lib/ruby/site_ruby/2.1.0/rubygems/ext/builder.rb:195:in `build_extensions'  \n/Users/michaelirey/.rvm/rubies/ruby-2.1.0/lib/ruby/site_ruby/2.1.0/rubygems/installer.rb:677:in `build_extensions'  \n/Users/michaelirey/.rvm/rubies/ruby-2.1.0/lib/ruby/site_ruby/2.1.0/rubygems/installer.rb:232:in `install'  \n/Users/michaelirey/.rvm/gems/ruby-2.1.0@global/gems/bundler-1.5.1/lib/bundler/source/rubygems.rb:101:in `block in install'  \n/Users/michaelirey/.rvm/gems/ruby-2.1.0@global/gems/bundler-1.5.1/lib/bundler/rubygems_integration.rb:118:in `preserve_paths'  \n/Users/michaelirey/.rvm/gems/ruby-2.1.0@global/gems/bundler-1.5.1/lib/bundler/source/rubygems.rb:94:in `install'  \n/Users/michaelirey/.rvm/gems/ruby-2.1.0@global/gems/bundler-1.5.1/lib/bundler/installer.rb:111:in `block in install_gem_from_spec'  \n/Users/michaelirey/.rvm/gems/ruby-2.1.0@global/gems/bundler-1.5.1/lib/bundler/rubygems_integration.rb:150:in `with_build_args'  \n/Users/michaelirey/.rvm/gems/ruby-2.1.0@global/gems/bundler-1.5.1/lib/bundler/installer.rb:110:in `install_gem_from_spec'  \n/Users/michaelirey/.rvm/gems/ruby-2.1.0@global/gems/bundler-1.5.1/lib/bundler/installer.rb:295:in `block in install_sequentially'  \n/Users/michaelirey/.rvm/rubies/ruby-2.1.0/lib/ruby/2.1.0/forwardable.rb:183:in `each'  \n/Users/michaelirey/.rvm/rubies/ruby-2.1.0/lib/ruby/2.1.0/forwardable.rb:183:in `each'  \n/Users/michaelirey/.rvm/gems/ruby-2.1.0@global/gems/bundler-1.5.1/lib/bundler/installer.rb:294:in `install_sequentially'  \n/Users/michaelirey/.rvm/gems/ruby-2.1.0@global/gems/bundler-1.5.1/lib/bundler/installer.rb:97:in `run'  \n/Users/michaelirey/.rvm/gems/ruby-2.1.0@global/gems/bundler-1.5.1/lib/bundler/installer.rb:15:in `install'  \n/Users/michaelirey/.rvm/gems/ruby-2.1.0@global/gems/bundler-1.5.1/lib/bundler/cli.rb:257:in `install'  \n/Users/michaelirey/.rvm/gems/ruby-2.1.0@global/gems/bundler-1.5.1/lib/bundler/vendor/thor/command.rb:27:in `run'  \n/Users/michaelirey/.rvm/gems/ruby-2.1.0@global/gems/bundler-1.5.1/lib/bundler/vendor/thor/invocation.rb:120:in `invoke_command'  \n/Users/michaelirey/.rvm/gems/ruby-2.1.0@global/gems/bundler-1.5.1/lib/bundler/vendor/thor.rb:363:in `dispatch'  \n/Users/michaelirey/.rvm/gems/ruby-2.1.0@global/gems/bundler-1.5.1/lib/bundler/vendor/thor/base.rb:438:in `start'  \n/Users/michaelirey/.rvm/gems/ruby-2.1.0@global/gems/bundler-1.5.1/lib/bundler/cli.rb:10:in `start'  \n/Users/michaelirey/.rvm/gems/ruby-2.1.0@global/gems/bundler-1.5.1/bin/bundle:22:in `block in <top (required)>'  \n/Users/michaelirey/.rvm/gems/ruby-2.1.0@global/gems/bundler-1.5.1/lib/bundler/friendly_errors.rb:5:in `with_friendly_errors'  \n/Users/michaelirey/.rvm/gems/ruby-2.1.0@global/gems/bundler-1.5.1/bin/bundle:22:in `<top (required)>'  \n/Users/michaelirey/.rvm/gems/ruby-2.1.0@global/bin/bundle:23:in `load'  \n/Users/michaelirey/.rvm/gems/ruby-2.1.0@global/bin/bundle:23:in `<main>'  \n/Users/michaelirey/.rvm/gems/ruby-2.1.0/bin/ruby_executable_hooks:15:in `eval'  \n/Users/michaelirey/.rvm/gems/ruby-2.1.0/bin/ruby_executable_hooks:15:in `<main>'
E, [2014-05-14T08:23:12.788467 #30435] ERROR -- : Gem::Ext::BuildError: ERROR: Failed to build gem native extension.

    /Users/michaelirey/.rvm/rubies/ruby-2.1.0/bin/ruby extconf.rb 
checking for main() in -licui18n... no
checking for main() in -licui18n... no


***************************************************************************************
*********** icu required (brew install icu4c or apt-get install libicu-dev) ***********
***************************************************************************************
*** extconf.rb failed ***
Could not create Makefile due to some reason, probably lack of necessary
libraries and/or headers.  Check the mkmf.log file for more details.  You may
need configuration options.

Provided configuration options:
	--with-opt-dir
	--without-opt-dir
	--with-opt-include
	--without-opt-include=${opt-dir}/include
	--with-opt-lib
	--without-opt-lib=${opt-dir}/lib
	--with-make-prog
	--without-make-prog
	--srcdir=.
	--curdir
	--ruby=/Users/michaelirey/.rvm/rubies/ruby-2.1.0/bin/ruby
	--with-icu-dir
	--without-icu-dir
	--with-icu-include
	--without-icu-include=${icu-dir}/include
	--with-icu-lib
	--without-icu-lib=${icu-dir}/lib
	--with-icui18nlib
	--without-icui18nlib
	--with-icui18nlib
	--without-icui18nlib

extconf failed, exit code 1

Gem files will remain installed in /Users/michaelirey/.rvm/gems/ruby-2.1.0/gems/charlock_holmes-0.6.9.4 for inspection.
Results logged to /Users/michaelirey/.rvm/gems/ruby-2.1.0/extensions/x86_64-darwin-12/2.1.0-static/charlock_holmes-0.6.9.4/gem_make.out

/Users/michaelirey/.rvm/rubies/ruby-2.1.0/lib/ruby/site_ruby/2.1.0/rubygems/ext/builder.rb:89:in `run'  \n/Users/michaelirey/.rvm/rubies/ruby-2.1.0/lib/ruby/site_ruby/2.1.0/rubygems/ext/ext_conf_builder.rb:37:in `block in build'  \n/Users/michaelirey/.rvm/rubies/ruby-2.1.0/lib/ruby/2.1.0/tempfile.rb:324:in `open'  \n/Users/michaelirey/.rvm/rubies/ruby-2.1.0/lib/ruby/site_ruby/2.1.0/rubygems/ext/ext_conf_builder.rb:17:in `build'  \n/Users/michaelirey/.rvm/rubies/ruby-2.1.0/lib/ruby/site_ruby/2.1.0/rubygems/ext/builder.rb:161:in `block (2 levels) in build_extension'  \n/Users/michaelirey/.rvm/rubies/ruby-2.1.0/lib/ruby/site_ruby/2.1.0/rubygems/ext/builder.rb:160:in `chdir'  \n/Users/michaelirey/.rvm/rubies/ruby-2.1.0/lib/ruby/site_ruby/2.1.0/rubygems/ext/builder.rb:160:in `block in build_extension'  \n/Users/michaelirey/.rvm/rubies/ruby-2.1.0/lib/ruby/site_ruby/2.1.0/rubygems/ext/builder.rb:159:in `synchronize'  \n/Users/michaelirey/.rvm/rubies/ruby-2.1.0/lib/ruby/site_ruby/2.1.0/rubygems/ext/builder.rb:159:in `build_extension'  \n/Users/michaelirey/.rvm/rubies/ruby-2.1.0/lib/ruby/site_ruby/2.1.0/rubygems/ext/builder.rb:198:in `block in build_extensions'  \n/Users/michaelirey/.rvm/rubies/ruby-2.1.0/lib/ruby/site_ruby/2.1.0/rubygems/ext/builder.rb:195:in `each'  \n/Users/michaelirey/.rvm/rubies/ruby-2.1.0/lib/ruby/site_ruby/2.1.0/rubygems/ext/builder.rb:195:in `build_extensions'  \n/Users/michaelirey/.rvm/rubies/ruby-2.1.0/lib/ruby/site_ruby/2.1.0/rubygems/installer.rb:677:in `build_extensions'  \n/Users/michaelirey/.rvm/rubies/ruby-2.1.0/lib/ruby/site_ruby/2.1.0/rubygems/installer.rb:232:in `install'  \n/Users/michaelirey/.rvm/gems/ruby-2.1.0@global/gems/bundler-1.5.1/lib/bundler/source/rubygems.rb:101:in `block in install'  \n/Users/michaelirey/.rvm/gems/ruby-2.1.0@global/gems/bundler-1.5.1/lib/bundler/rubygems_integration.rb:118:in `preserve_paths'  \n/Users/michaelirey/.rvm/gems/ruby-2.1.0@global/gems/bundler-1.5.1/lib/bundler/source/rubygems.rb:94:in `install'  \n/Users/michaelirey/.rvm/gems/ruby-2.1.0@global/gems/bundler-1.5.1/lib/bundler/installer.rb:111:in `block in install_gem_from_spec'  \n/Users/michaelirey/.rvm/gems/ruby-2.1.0@global/gems/bundler-1.5.1/lib/bundler/rubygems_integration.rb:150:in `with_build_args'  \n/Users/michaelirey/.rvm/gems/ruby-2.1.0@global/gems/bundler-1.5.1/lib/bundler/installer.rb:110:in `install_gem_from_spec'  \n/Users/michaelirey/.rvm/gems/ruby-2.1.0@global/gems/bundler-1.5.1/lib/bundler/installer.rb:295:in `block in install_sequentially'  \n/Users/michaelirey/.rvm/rubies/ruby-2.1.0/lib/ruby/2.1.0/forwardable.rb:183:in `each'  \n/Users/michaelirey/.rvm/rubies/ruby-2.1.0/lib/ruby/2.1.0/forwardable.rb:183:in `each'  \n/Users/michaelirey/.rvm/gems/ruby-2.1.0@global/gems/bundler-1.5.1/lib/bundler/installer.rb:294:in `install_sequentially'  \n/Users/michaelirey/.rvm/gems/ruby-2.1.0@global/gems/bundler-1.5.1/lib/bundler/installer.rb:97:in `run'  \n/Users/michaelirey/.rvm/gems/ruby-2.1.0@global/gems/bundler-1.5.1/lib/bundler/installer.rb:15:in `install'  \n/Users/michaelirey/.rvm/gems/ruby-2.1.0@global/gems/bundler-1.5.1/lib/bundler/cli.rb:257:in `install'  \n/Users/michaelirey/.rvm/gems/ruby-2.1.0@global/gems/bundler-1.5.1/lib/bundler/vendor/thor/command.rb:27:in `run'  \n/Users/michaelirey/.rvm/gems/ruby-2.1.0@global/gems/bundler-1.5.1/lib/bundler/vendor/thor/invocation.rb:120:in `invoke_command'  \n/Users/michaelirey/.rvm/gems/ruby-2.1.0@global/gems/bundler-1.5.1/lib/bundler/vendor/thor.rb:363:in `dispatch'  \n/Users/michaelirey/.rvm/gems/ruby-2.1.0@global/gems/bundler-1.5.1/lib/bundler/vendor/thor/base.rb:438:in `start'  \n/Users/michaelirey/.rvm/gems/ruby-2.1.0@global/gems/bundler-1.5.1/lib/bundler/cli.rb:10:in `start'  \n/Users/michaelirey/.rvm/gems/ruby-2.1.0@global/gems/bundler-1.5.1/bin/bundle:22:in `block in <top (required)>'  \n/Users/michaelirey/.rvm/gems/ruby-2.1.0@global/gems/bundler-1.5.1/lib/bundler/friendly_errors.rb:5:in `with_friendly_errors'  \n/Users/michaelirey/.rvm/gems/ruby-2.1.0@global/gems/bundler-1.5.1/bin/bundle:22:in `<top (required)>'  \n/Users/michaelirey/.rvm/gems/ruby-2.1.0@global/bin/bundle:23:in `load'  \n/Users/michaelirey/.rvm/gems/ruby-2.1.0@global/bin/bundle:23:in `<main>'  \n/Users/michaelirey/.rvm/gems/ruby-2.1.0/bin/ruby_executable_hooks:15:in `eval'  \n/Users/michaelirey/.rvm/gems/ruby-2.1.0/bin/ruby_executable_hooks:15:in `<main>'
